ATV: WIN | STATUS: FALHA_NO_BACKTEST
2026-01-31 17:39 | ATV: WIN$N | STATUS: FALHA_NO_BACKTEST
2026-01-31 17:41 | ATV: WIN$N | STATUS: FALHA_NO_BACKTEST
2026-01-31 17:43 | ATV: WIN$N | STATUS: FALHA_NO_BACKTEST
ATV: WIN | STATUS: FALHA_NO_BACKTEST
ATV: IND | STATUS: FALHA_NO_BACKTEST
ATV: WDO | STATUS: FALHA_NO_BACKTEST
ATV: DOL | STATUS: FALHA_NO_BACKTEST
ATV: WSP | STATUS: FALHA_NO_BACKTEST
ATV: CCM | STATUS: FALHA_NO_BACKTEST
ATV: BGI | STATUS: FALHA_NO_BACKTEST
ATV: ICF | STATUS: FALHA_NO_BACKTEST
ATV: SFI | STATUS: FALHA_NO_BACKTEST
2026-01-31 21:22 | ATV: WIN$N | STATUS: FALHA_NO_BACKTEST
2026-02-01 06:24 | ATV: BIT$N | STATUS: FALHA_NO_BACKTEST
2026-02-03 06:39 | ATV: WIN$N | STATUS: FALHA_NO_BACKTEST
2026-02-03 06:47 | ATV: WIN$N | STATUS: FALHA_NO_BACKTEST
2026-02-03 06:58 | ATV: WIN$N | STATUS: FALHA_NO_BACKTEST
2026-02-03 07:15 | ATV: WIN$N | STATUS: FALHA_NO_BACKTEST
2026-02-03 07:22 | ATV: WIN$N | STATUS: FALHA_NO_BACKTEST
2026-02-03 07:57 | ATV: WIN$N | STATUS: FALHA_NO_BACKTEST
2026-02-03 08:15 | ATV: WIN$N | STATUS: FALHA_NO_BACKTEST
2026-02-03 08:27 | ATV: WIN$N | STATUS: FALHA_NO_BACKTEST
2026-02-03 08:39 | ATV: WIN$N | STATUS: FALHA_NO_BACKTEST
2026-02-03 20:19 | ATV: WIN$N | STATUS: FALHA_NO_BACKTEST
2026-02-03 20:19 | ATV: IND$N | STATUS: FALHA_NO_BACKTEST
