2026-02-01 11:50:12,305 INFO Start bot GUI: system=Windows
2026-02-01 11:50:12,320 INFO Bot process started via cmd.exe start with visible window
2026-02-01 11:50:12,371 INFO Start dashboard GUI: system=Windows
2026-02-01 11:50:12,387 INFO Dashboard started via cmd.exe start
2026-02-02 08:59:30,248 INFO Start bot GUI: system=Windows
2026-02-02 08:59:30,270 INFO Bot process started via cmd.exe start with visible window
2026-02-02 08:59:30,337 INFO Start dashboard GUI: system=Windows
2026-02-02 08:59:30,356 INFO Dashboard started via cmd.exe start
2026-02-02 09:00:15,928 INFO Start dashboard GUI: system=Windows
2026-02-02 09:00:15,938 INFO Dashboard started via cmd.exe start
2026-02-02 09:28:10,378 INFO Start bot GUI: system=Windows
2026-02-02 09:28:10,426 INFO Bot process started via cmd.exe start with visible window
2026-02-02 09:29:01,602 INFO Start bot GUI: system=Windows
2026-02-02 09:29:01,667 INFO Bot process started via cmd.exe start with visible window
2026-02-02 09:29:03,085 INFO Start dashboard GUI: system=Windows
2026-02-02 09:29:03,125 INFO Dashboard started via cmd.exe start
2026-02-02 09:29:50,034 INFO Start dashboard GUI: system=Windows
2026-02-02 09:29:50,085 INFO Dashboard started via cmd.exe start
2026-02-02 09:58:23,989 INFO Start bot GUI: system=Windows
2026-02-02 09:58:24,130 INFO Bot process started via cmd.exe start with visible window
2026-02-02 09:58:25,454 INFO Start dashboard GUI: system=Windows
2026-02-02 09:58:25,460 INFO Dashboard started via cmd.exe start
2026-02-02 10:08:05,716 INFO Start bot GUI: system=Windows
2026-02-02 10:08:10,478 INFO Bot process started via cmd.exe start with visible window
2026-02-02 10:08:58,290 INFO Start bot GUI: system=Windows
2026-02-02 10:08:58,334 INFO Bot process started via cmd.exe start with visible window
2026-02-02 10:11:20,484 INFO Start dashboard GUI: system=Windows
2026-02-02 10:11:20,491 INFO Dashboard started via cmd.exe start
2026-02-02 10:11:51,672 INFO Start dashboard GUI: system=Windows
2026-02-02 10:11:51,697 INFO Dashboard started via cmd.exe start
2026-02-02 10:20:24,466 INFO Start bot GUI: system=Windows
2026-02-02 10:20:24,488 INFO Bot process started via cmd.exe start with visible window
2026-02-02 10:28:33,021 INFO Start bot GUI: system=Windows
2026-02-02 10:28:33,273 INFO Bot process started via cmd.exe start with visible window
2026-02-02 10:28:35,651 INFO Start dashboard GUI: system=Windows
2026-02-02 10:28:35,818 INFO Dashboard started via cmd.exe start
2026-02-02 10:29:22,365 INFO Start bot GUI: system=Windows
2026-02-02 10:29:22,443 INFO Bot process started via cmd.exe start with visible window
2026-02-02 10:29:24,591 INFO Start dashboard GUI: system=Windows
2026-02-02 10:29:24,629 INFO Dashboard started via cmd.exe start
2026-02-02 11:05:11,387 INFO Start bot GUI: system=Windows
2026-02-02 11:05:11,480 INFO Bot process started via cmd.exe start with visible window
2026-02-02 11:05:11,635 INFO Start dashboard GUI: system=Windows
2026-02-02 11:05:11,689 INFO Dashboard started via cmd.exe start
2026-02-02 11:05:57,047 INFO Start bot GUI: system=Windows
2026-02-02 11:05:57,056 INFO Bot process started via cmd.exe start with visible window
2026-02-02 11:14:20,540 INFO Start bot GUI: system=Windows
2026-02-02 11:14:21,180 INFO Bot process started via cmd.exe start with visible window
2026-02-02 11:15:06,588 INFO Start bot GUI: system=Windows
2026-02-02 11:15:06,609 INFO Bot process started via cmd.exe start with visible window
2026-02-02 11:28:26,770 INFO Start dashboard GUI: system=Windows
2026-02-02 11:28:26,933 INFO Dashboard started via cmd.exe start
2026-02-02 11:37:59,007 INFO Start bot GUI: system=Windows
2026-02-02 11:37:59,130 INFO Bot process started via cmd.exe start with visible window
2026-02-02 11:41:27,774 INFO Start bot GUI: system=Windows
2026-02-02 11:41:28,079 INFO Bot process started via cmd.exe start with visible window
2026-02-02 11:41:28,637 INFO Start dashboard GUI: system=Windows
2026-02-02 11:41:28,648 INFO Dashboard started via cmd.exe start
2026-02-02 11:56:25,170 INFO Start bot GUI: system=Windows
2026-02-02 11:56:25,239 INFO Bot process started via cmd.exe start with visible window
2026-02-02 11:56:27,356 INFO Start dashboard GUI: system=Windows
2026-02-02 11:56:27,368 INFO Dashboard started via cmd.exe start
2026-02-02 13:05:35,291 INFO Start dashboard GUI: system=Windows
2026-02-02 13:05:37,375 INFO Dashboard started via cmd.exe start
2026-02-02 13:25:20,218 INFO Start bot GUI: system=Windows
2026-02-02 13:25:22,273 INFO Bot process started via cmd.exe start with visible window
2026-02-02 13:26:43,502 INFO Start dashboard GUI: system=Windows
2026-02-02 13:26:43,610 INFO Dashboard started via cmd.exe start
2026-02-02 14:31:28,378 INFO Start dashboard GUI: system=Windows
2026-02-02 14:31:28,392 INFO Dashboard started via cmd.exe start
2026-02-02 14:48:51,722 INFO Start bot GUI: system=Windows
2026-02-02 14:48:52,025 INFO Bot process started via cmd.exe start with visible window
2026-02-02 14:48:52,087 INFO Start dashboard GUI: system=Windows
2026-02-02 14:48:52,132 INFO Dashboard started via cmd.exe start
2026-02-02 14:49:37,206 INFO Start bot GUI: system=Windows
2026-02-02 14:49:37,221 INFO Bot process started via cmd.exe start with visible window
2026-02-02 14:50:30,882 INFO Start dashboard GUI: system=Windows
2026-02-02 14:50:30,898 INFO Dashboard started via cmd.exe start
2026-02-02 14:52:15,775 INFO Start bot GUI: system=Windows
2026-02-02 14:52:15,810 INFO Bot process started via cmd.exe start with visible window
2026-02-02 14:52:15,953 INFO Start dashboard GUI: system=Windows
2026-02-02 14:52:15,992 INFO Dashboard started via cmd.exe start
2026-02-02 14:53:01,131 INFO Start bot GUI: system=Windows
2026-02-02 14:53:01,149 INFO Bot process started via cmd.exe start with visible window
2026-02-02 14:53:01,244 INFO Start dashboard GUI: system=Windows
2026-02-02 14:53:01,270 INFO Dashboard started via cmd.exe start
2026-02-02 14:53:46,321 INFO Start bot GUI: system=Windows
2026-02-02 14:53:46,346 INFO Bot process started via cmd.exe start with visible window
2026-02-02 14:55:11,707 INFO Start bot GUI: system=Windows
2026-02-02 14:55:11,763 INFO Bot process started via cmd.exe start with visible window
2026-02-02 14:57:24,890 INFO Start bot GUI: system=Windows
2026-02-02 14:57:25,067 INFO Bot process started via cmd.exe start with visible window
2026-02-02 15:15:11,180 INFO Start bot GUI: system=Windows
2026-02-02 15:15:11,196 INFO Bot process started via cmd.exe start with visible window
2026-02-02 15:15:11,238 INFO Start dashboard GUI: system=Windows
2026-02-02 15:15:11,256 INFO Dashboard started via cmd.exe start
2026-02-02 15:36:34,204 INFO Start bot GUI: system=Windows
2026-02-02 15:36:34,267 INFO Bot process started via cmd.exe start with visible window
2026-02-02 15:36:34,312 INFO Start dashboard GUI: system=Windows
2026-02-02 15:36:34,362 INFO Dashboard started via cmd.exe start
2026-02-02 15:37:19,420 INFO Start bot GUI: system=Windows
2026-02-02 15:37:19,436 INFO Bot process started via cmd.exe start with visible window
2026-02-02 15:37:19,569 INFO Start dashboard GUI: system=Windows
2026-02-02 15:37:19,576 INFO Dashboard started via cmd.exe start
2026-02-02 15:38:08,672 INFO Start bot GUI: system=Windows
2026-02-02 15:38:08,906 INFO Bot process started via cmd.exe start with visible window
2026-02-02 15:38:08,970 INFO Start dashboard GUI: system=Windows
2026-02-02 15:38:09,023 INFO Dashboard started via cmd.exe start
2026-02-02 15:38:54,498 INFO Start bot GUI: system=Windows
2026-02-02 15:38:54,504 INFO Bot process started via cmd.exe start with visible window
2026-02-02 15:38:54,546 INFO Start dashboard GUI: system=Windows
2026-02-02 15:38:54,579 INFO Dashboard started via cmd.exe start
2026-02-02 15:39:39,624 INFO Start bot GUI: system=Windows
2026-02-02 15:39:52,975 INFO Bot process started via cmd.exe start with visible window
2026-02-02 15:39:53,113 INFO Start dashboard GUI: system=Windows
2026-02-02 15:39:53,166 INFO Dashboard started via cmd.exe start
2026-02-02 15:40:38,278 INFO Start bot GUI: system=Windows
2026-02-02 15:40:38,325 INFO Bot process started via cmd.exe start with visible window
2026-02-02 15:40:38,510 INFO Start dashboard GUI: system=Windows
2026-02-02 15:48:43,232 INFO Start bot GUI: system=Windows
2026-02-02 15:48:43,307 INFO Bot process started via cmd.exe start with visible window
2026-02-02 15:48:43,335 INFO Start dashboard GUI: system=Windows
2026-02-02 15:48:43,348 INFO Dashboard started via cmd.exe start
2026-02-02 15:49:28,386 INFO Start bot GUI: system=Windows
2026-02-02 15:49:28,393 INFO Bot process started via cmd.exe start with visible window
2026-02-02 15:49:28,435 INFO Start dashboard GUI: system=Windows
2026-02-02 15:49:28,449 INFO Dashboard started via cmd.exe start
2026-02-02 15:50:13,498 INFO Start bot GUI: system=Windows
2026-02-02 15:50:13,504 INFO Bot process started via cmd.exe start with visible window
2026-02-02 15:50:13,539 INFO Start dashboard GUI: system=Windows
2026-02-02 15:50:13,548 INFO Dashboard started via cmd.exe start
2026-02-02 15:50:58,587 INFO Start bot GUI: system=Windows
2026-02-02 15:50:58,649 INFO Bot process started via cmd.exe start with visible window
2026-02-02 15:50:58,683 INFO Start dashboard GUI: system=Windows
2026-02-02 15:50:58,821 INFO Dashboard started via cmd.exe start
2026-02-02 15:51:44,017 INFO Start bot GUI: system=Windows
2026-02-02 15:51:44,075 INFO Bot process started via cmd.exe start with visible window
2026-02-02 15:51:44,176 INFO Start dashboard GUI: system=Windows
2026-02-02 15:51:44,291 INFO Dashboard started via cmd.exe start
2026-02-02 15:52:30,061 INFO Start bot GUI: system=Windows
2026-02-02 15:52:30,414 INFO Bot process started via cmd.exe start with visible window
2026-02-02 15:52:33,158 INFO Start dashboard GUI: system=Windows
2026-02-02 15:52:33,176 INFO Dashboard started via cmd.exe start
2026-02-02 15:53:18,379 INFO Start bot GUI: system=Windows
2026-02-02 15:53:18,452 INFO Bot process started via cmd.exe start with visible window
2026-02-02 15:53:18,554 INFO Start dashboard GUI: system=Windows
2026-02-02 15:53:18,699 INFO Dashboard started via cmd.exe start
2026-02-02 15:54:04,481 INFO Start bot GUI: system=Windows
2026-02-02 15:54:04,601 INFO Bot process started via cmd.exe start with visible window
2026-02-02 15:54:05,571 INFO Start dashboard GUI: system=Windows
2026-02-02 15:54:05,759 INFO Dashboard started via cmd.exe start
2026-02-02 15:54:51,109 INFO Start bot GUI: system=Windows
2026-02-02 15:54:51,129 INFO Bot process started via cmd.exe start with visible window
2026-02-02 15:54:51,312 INFO Start dashboard GUI: system=Windows
2026-02-02 15:54:51,330 INFO Dashboard started via cmd.exe start
2026-02-02 15:55:36,440 INFO Start bot GUI: system=Windows
2026-02-02 15:55:36,449 INFO Bot process started via cmd.exe start with visible window
2026-02-02 15:55:36,497 INFO Start dashboard GUI: system=Windows
2026-02-02 15:55:36,513 INFO Dashboard started via cmd.exe start
2026-02-02 15:56:21,689 INFO Start bot GUI: system=Windows
2026-02-02 15:56:21,705 INFO Bot process started via cmd.exe start with visible window
2026-02-02 15:56:21,927 INFO Start dashboard GUI: system=Windows
2026-02-02 15:56:21,945 INFO Dashboard started via cmd.exe start
2026-02-02 15:57:07,640 INFO Start bot GUI: system=Windows
2026-02-02 15:57:08,270 INFO Bot process started via cmd.exe start with visible window
2026-02-02 15:57:08,615 INFO Start dashboard GUI: system=Windows
2026-02-02 15:57:09,536 INFO Dashboard started via cmd.exe start
2026-02-02 15:57:54,853 INFO Start bot GUI: system=Windows
2026-02-02 15:57:54,914 INFO Bot process started via cmd.exe start with visible window
2026-02-02 15:57:55,295 INFO Start dashboard GUI: system=Windows
2026-02-02 15:57:55,365 INFO Dashboard started via cmd.exe start
2026-02-02 15:58:41,884 INFO Start bot GUI: system=Windows
2026-02-02 15:58:42,017 INFO Bot process started via cmd.exe start with visible window
2026-02-02 15:58:46,692 INFO Start dashboard GUI: system=Windows
2026-02-02 15:58:47,664 INFO Dashboard started via cmd.exe start
2026-02-02 15:59:34,196 INFO Start bot GUI: system=Windows
2026-02-02 15:59:34,685 INFO Bot process started via cmd.exe start with visible window
2026-02-02 15:59:39,445 INFO Start dashboard GUI: system=Windows
2026-02-02 15:59:39,639 INFO Dashboard started via cmd.exe start
2026-02-02 16:00:24,906 INFO Start bot GUI: system=Windows
2026-02-02 16:00:24,966 INFO Bot process started via cmd.exe start with visible window
2026-02-02 16:00:25,411 INFO Start dashboard GUI: system=Windows
2026-02-02 16:00:25,449 INFO Dashboard started via cmd.exe start
2026-02-02 16:24:43,422 INFO Start bot GUI: system=Windows
2026-02-02 16:24:43,447 INFO Bot process started via cmd.exe start with visible window
2026-02-02 16:25:28,617 INFO Start bot GUI: system=Windows
2026-02-02 16:25:28,649 INFO Bot process started via cmd.exe start with visible window
2026-02-02 16:41:38,104 INFO Start bot GUI: system=Windows
2026-02-02 16:41:38,293 INFO Bot process started via cmd.exe start with visible window
2026-02-02 17:01:57,253 INFO Start bot GUI: system=Windows
2026-02-02 17:01:57,290 INFO Bot process started via cmd.exe start with visible window
2026-02-02 17:02:42,339 INFO Start bot GUI: system=Windows
2026-02-02 17:02:42,346 INFO Bot process started via cmd.exe start with visible window
2026-02-02 17:42:44,721 INFO Start bot GUI: system=Windows
2026-02-02 17:42:45,583 INFO Bot process started via cmd.exe start with visible window
2026-02-02 17:43:30,661 INFO Start bot GUI: system=Windows
2026-02-02 17:43:30,673 INFO Bot process started via cmd.exe start with visible window
2026-02-02 17:49:09,119 INFO Start bot GUI: system=Windows
2026-02-02 17:49:10,753 INFO Bot process started via cmd.exe start with visible window
2026-02-02 17:49:55,998 INFO Start bot GUI: system=Windows
2026-02-02 17:49:56,052 INFO Bot process started via cmd.exe start with visible window
2026-02-02 17:56:05,899 INFO Start bot GUI: system=Windows
2026-02-02 17:56:06,612 INFO Bot process started via cmd.exe start with visible window
2026-02-03 08:53:08,758 INFO Start bot GUI: system=Windows
2026-02-03 08:53:08,775 INFO Bot process started via cmd.exe start with visible window
2026-02-03 10:54:48,467 INFO Start bot GUI: system=Windows
2026-02-03 10:54:48,491 INFO Bot process started via cmd.exe start with visible window
2026-02-03 10:55:33,529 INFO Start bot GUI: system=Windows
2026-02-03 10:55:33,534 INFO Bot process started via cmd.exe start with visible window
2026-02-03 10:56:18,596 INFO Start bot GUI: system=Windows
2026-02-03 10:56:18,604 INFO Bot process started via cmd.exe start with visible window
2026-02-03 10:57:03,697 INFO Start bot GUI: system=Windows
2026-02-03 10:57:03,703 INFO Bot process started via cmd.exe start with visible window
2026-02-03 10:57:48,739 INFO Start bot GUI: system=Windows
2026-02-03 10:57:48,744 INFO Bot process started via cmd.exe start with visible window
2026-02-03 10:58:33,771 INFO Start bot GUI: system=Windows
2026-02-03 10:58:33,776 INFO Bot process started via cmd.exe start with visible window
2026-02-03 10:59:18,856 INFO Start bot GUI: system=Windows
2026-02-03 10:59:18,867 INFO Bot process started via cmd.exe start with visible window
2026-02-03 11:00:03,915 INFO Start bot GUI: system=Windows
2026-02-03 11:00:03,923 INFO Bot process started via cmd.exe start with visible window
2026-02-03 11:00:49,003 INFO Start bot GUI: system=Windows
2026-02-03 11:00:49,015 INFO Bot process started via cmd.exe start with visible window
2026-02-03 11:01:34,149 INFO Start bot GUI: system=Windows
2026-02-03 11:01:34,256 INFO Bot process started via cmd.exe start with visible window
2026-02-03 11:02:19,308 INFO Start bot GUI: system=Windows
2026-02-03 11:02:19,314 INFO Bot process started via cmd.exe start with visible window
2026-02-03 11:03:04,483 INFO Start bot GUI: system=Windows
2026-02-03 11:03:04,497 INFO Bot process started via cmd.exe start with visible window
2026-02-03 11:03:49,581 INFO Start bot GUI: system=Windows
2026-02-03 11:03:49,600 INFO Bot process started via cmd.exe start with visible window
2026-02-03 11:04:34,658 INFO Start bot GUI: system=Windows
2026-02-03 11:04:34,673 INFO Bot process started via cmd.exe start with visible window
2026-02-03 11:05:19,801 INFO Start bot GUI: system=Windows
2026-02-03 11:05:19,814 INFO Bot process started via cmd.exe start with visible window
2026-02-03 11:06:04,869 INFO Start bot GUI: system=Windows
2026-02-03 11:06:04,874 INFO Bot process started via cmd.exe start with visible window
2026-02-03 11:06:49,912 INFO Start bot GUI: system=Windows
2026-02-03 11:06:49,919 INFO Bot process started via cmd.exe start with visible window
2026-02-03 11:16:38,115 INFO Start bot GUI: system=Windows
2026-02-03 11:16:38,133 INFO Bot process started via cmd.exe start with visible window
2026-02-03 11:17:23,311 INFO Start bot GUI: system=Windows
2026-02-03 11:17:23,337 INFO Bot process started via cmd.exe start with visible window
2026-02-03 11:18:08,382 INFO Start bot GUI: system=Windows
2026-02-03 11:18:08,387 INFO Bot process started via cmd.exe start with visible window
2026-02-03 11:18:53,423 INFO Start bot GUI: system=Windows
2026-02-03 11:18:53,427 INFO Bot process started via cmd.exe start with visible window
2026-02-03 11:19:38,474 INFO Start bot GUI: system=Windows
2026-02-03 11:19:38,478 INFO Bot process started via cmd.exe start with visible window
2026-02-03 11:20:23,518 INFO Start bot GUI: system=Windows
2026-02-03 11:20:23,523 INFO Bot process started via cmd.exe start with visible window
2026-02-03 11:21:08,660 INFO Start bot GUI: system=Windows
2026-02-03 11:21:08,666 INFO Bot process started via cmd.exe start with visible window
2026-02-03 11:21:53,772 INFO Start bot GUI: system=Windows
2026-02-03 11:21:53,786 INFO Bot process started via cmd.exe start with visible window
2026-02-03 11:22:38,827 INFO Start bot GUI: system=Windows
2026-02-03 11:22:38,835 INFO Bot process started via cmd.exe start with visible window
2026-02-03 11:23:23,872 INFO Start bot GUI: system=Windows
2026-02-03 11:23:23,878 INFO Bot process started via cmd.exe start with visible window
2026-02-03 11:24:08,909 INFO Start bot GUI: system=Windows
2026-02-03 11:24:08,915 INFO Bot process started via cmd.exe start with visible window
2026-02-03 11:24:54,013 INFO Start bot GUI: system=Windows
2026-02-03 11:24:54,024 INFO Bot process started via cmd.exe start with visible window
2026-02-03 11:25:39,057 INFO Start bot GUI: system=Windows
2026-02-03 11:25:39,066 INFO Bot process started via cmd.exe start with visible window
2026-02-03 11:26:24,119 INFO Start bot GUI: system=Windows
2026-02-03 11:26:24,126 INFO Bot process started via cmd.exe start with visible window
2026-02-03 11:27:09,198 INFO Start bot GUI: system=Windows
2026-02-03 11:27:09,205 INFO Bot process started via cmd.exe start with visible window
2026-02-03 11:27:54,237 INFO Start bot GUI: system=Windows
2026-02-03 11:27:54,247 INFO Bot process started via cmd.exe start with visible window
2026-02-03 11:28:39,280 INFO Start bot GUI: system=Windows
2026-02-03 11:28:39,290 INFO Bot process started via cmd.exe start with visible window
2026-02-03 11:29:24,331 INFO Start bot GUI: system=Windows
2026-02-03 11:29:24,339 INFO Bot process started via cmd.exe start with visible window
2026-02-03 11:30:09,369 INFO Start bot GUI: system=Windows
2026-02-03 11:30:09,375 INFO Bot process started via cmd.exe start with visible window
2026-02-03 11:30:54,408 INFO Start bot GUI: system=Windows
2026-02-03 11:30:54,415 INFO Bot process started via cmd.exe start with visible window
2026-02-03 11:31:39,445 INFO Start bot GUI: system=Windows
2026-02-03 11:31:39,452 INFO Bot process started via cmd.exe start with visible window
2026-02-03 11:32:24,483 INFO Start bot GUI: system=Windows
2026-02-03 11:32:24,491 INFO Bot process started via cmd.exe start with visible window
2026-02-03 11:33:09,762 INFO Start bot GUI: system=Windows
2026-02-03 11:33:09,771 INFO Bot process started via cmd.exe start with visible window
2026-02-03 11:33:54,816 INFO Start bot GUI: system=Windows
2026-02-03 11:33:54,823 INFO Bot process started via cmd.exe start with visible window
2026-02-03 11:34:39,856 INFO Start bot GUI: system=Windows
2026-02-03 11:34:39,862 INFO Bot process started via cmd.exe start with visible window
2026-02-03 11:35:24,890 INFO Start bot GUI: system=Windows
2026-02-03 11:35:24,896 INFO Bot process started via cmd.exe start with visible window
2026-02-03 11:36:09,946 INFO Start bot GUI: system=Windows
2026-02-03 11:36:09,952 INFO Bot process started via cmd.exe start with visible window
2026-02-03 11:36:54,988 INFO Start bot GUI: system=Windows
2026-02-03 11:36:54,995 INFO Bot process started via cmd.exe start with visible window
2026-02-03 11:37:40,030 INFO Start bot GUI: system=Windows
2026-02-03 11:37:40,036 INFO Bot process started via cmd.exe start with visible window
2026-02-03 11:38:25,081 INFO Start bot GUI: system=Windows
2026-02-03 11:38:25,089 INFO Bot process started via cmd.exe start with visible window
2026-02-03 11:39:10,134 INFO Start bot GUI: system=Windows
2026-02-03 11:39:10,141 INFO Bot process started via cmd.exe start with visible window
2026-02-03 11:39:55,187 INFO Start bot GUI: system=Windows
2026-02-03 11:39:55,194 INFO Bot process started via cmd.exe start with visible window
2026-02-03 11:40:40,225 INFO Start bot GUI: system=Windows
2026-02-03 11:40:40,232 INFO Bot process started via cmd.exe start with visible window
2026-02-03 11:41:25,274 INFO Start bot GUI: system=Windows
2026-02-03 11:41:25,280 INFO Bot process started via cmd.exe start with visible window
2026-02-03 11:42:10,331 INFO Start bot GUI: system=Windows
2026-02-03 11:42:10,338 INFO Bot process started via cmd.exe start with visible window
2026-02-03 11:42:55,448 INFO Start bot GUI: system=Windows
2026-02-03 11:42:55,457 INFO Bot process started via cmd.exe start with visible window
2026-02-03 12:12:00,408 INFO Start bot GUI: system=Windows
2026-02-03 12:12:00,427 INFO Bot process started via cmd.exe start with visible window
2026-02-03 13:33:57,382 INFO Start bot GUI: system=Windows
2026-02-03 13:33:57,396 INFO Bot process started via cmd.exe start with visible window
2026-02-03 14:19:35,926 INFO Start bot GUI: system=Windows
2026-02-03 14:19:36,149 INFO Bot process started via cmd.exe start with visible window
2026-02-03 14:44:59,808 INFO Start bot GUI: system=Windows
2026-02-03 14:45:00,023 INFO Bot process started via cmd.exe start with visible window
2026-02-03 14:46:50,507 INFO Start bot GUI: system=Windows
2026-02-03 14:46:50,530 INFO Bot process started via cmd.exe start with visible window
2026-02-03 15:05:50,252 INFO Start bot GUI: system=Windows
2026-02-03 15:05:50,563 INFO Bot process started via cmd.exe start with visible window
2026-02-03 15:06:37,006 INFO Start bot GUI: system=Windows
2026-02-03 15:06:37,024 INFO Bot process started via cmd.exe start with visible window
2026-02-03 15:14:24,251 INFO Start bot GUI: system=Windows
2026-02-03 15:14:24,360 INFO Bot process started via cmd.exe start with visible window
2026-02-03 16:21:08,860 INFO Start bot GUI: system=Windows
2026-02-03 16:21:10,499 INFO Bot process started via cmd.exe start with visible window
2026-02-03 16:23:57,108 INFO Start bot GUI: system=Windows
2026-02-03 16:23:57,117 INFO Bot process started via cmd.exe start with visible window
2026-02-03 16:39:32,349 INFO Start bot GUI: system=Windows
2026-02-03 16:39:32,436 INFO Bot process started via cmd.exe start with visible window
2026-02-13 14:43:34,967 INFO Start bot GUI: system=Windows
2026-02-13 14:43:35,281 INFO Bot process started via cmd.exe start with visible window
2026-02-13 14:44:20,375 INFO Start bot GUI: system=Windows
2026-02-13 14:44:20,391 INFO Bot process started via cmd.exe start with visible window
2026-02-13 14:45:05,869 INFO Start bot GUI: system=Windows
2026-02-13 14:45:05,888 INFO Bot process started via cmd.exe start with visible window
2026-02-13 14:45:51,058 INFO Start bot GUI: system=Windows
2026-02-13 14:45:51,117 INFO Bot process started via cmd.exe start with visible window
2026-02-13 14:46:36,368 INFO Start bot GUI: system=Windows
2026-02-13 14:46:36,383 INFO Bot process started via cmd.exe start with visible window
2026-02-13 14:47:21,793 INFO Start bot GUI: system=Windows
2026-02-13 14:47:21,805 INFO Bot process started via cmd.exe start with visible window
2026-02-13 14:48:06,854 INFO Start bot GUI: system=Windows
2026-02-13 14:48:06,867 INFO Bot process started via cmd.exe start with visible window
2026-02-13 14:48:51,921 INFO Start bot GUI: system=Windows
2026-02-13 14:48:51,931 INFO Bot process started via cmd.exe start with visible window
2026-02-13 14:49:37,010 INFO Start bot GUI: system=Windows
2026-02-13 14:49:37,024 INFO Bot process started via cmd.exe start with visible window
2026-02-13 14:50:23,872 INFO Start bot GUI: system=Windows
2026-02-13 14:50:24,007 INFO Bot process started via cmd.exe start with visible window
2026-02-13 14:51:09,580 INFO Start bot GUI: system=Windows
2026-02-13 14:51:09,614 INFO Bot process started via cmd.exe start with visible window
2026-02-13 14:52:26,136 INFO Start bot GUI: system=Windows
2026-02-13 14:52:26,211 INFO Bot process started via cmd.exe start with visible window
2026-02-13 14:56:15,199 INFO Start bot GUI: system=Windows
2026-02-13 14:56:15,221 INFO Bot process started via cmd.exe start with visible window
2026-02-13 15:27:34,091 INFO Start bot GUI: system=Windows
2026-02-13 15:27:34,120 INFO Bot process started via cmd.exe start with visible window
2026-02-13 15:44:44,152 INFO Start bot GUI: system=Windows
2026-02-13 15:44:44,502 INFO Bot process started via cmd.exe start with visible window
2026-02-13 15:46:06,537 INFO Start bot GUI: system=Windows
2026-02-13 15:46:07,166 INFO Bot process started via cmd.exe start with visible window
2026-02-13 15:58:53,138 INFO Start bot GUI: system=Windows
2026-02-13 15:58:53,964 INFO Bot process started via cmd.exe start with visible window
2026-02-13 16:01:22,337 INFO Start bot GUI: system=Windows
2026-02-13 16:01:22,360 INFO Bot process started via cmd.exe start with visible window
2026-02-13 16:13:44,363 INFO Start bot GUI: system=Windows
2026-02-13 16:13:44,378 INFO Bot process started via cmd.exe start with visible window
2026-02-13 16:19:30,005 INFO Start bot GUI: system=Windows
2026-02-13 16:19:30,014 INFO Bot process started via cmd.exe start with visible window
2026-02-13 16:21:05,874 INFO Start bot GUI: system=Windows
2026-02-13 16:21:05,889 INFO Bot process started via cmd.exe start with visible window
2026-02-13 16:30:22,168 INFO Start bot GUI: system=Windows
2026-02-13 16:30:22,180 INFO Bot process started via cmd.exe start with visible window
2026-02-13 16:45:48,169 INFO Start bot GUI: system=Windows
2026-02-13 16:45:48,436 INFO Bot process started via cmd.exe start with visible window
2026-02-13 16:54:10,571 INFO Start bot GUI: system=Windows
2026-02-13 16:54:10,621 INFO Bot process started via cmd.exe start with visible window
2026-02-22 15:44:06,438 INFO Start bot GUI: system=Windows
2026-02-22 15:44:06,451 INFO Bot process started via cmd.exe start with visible window
2026-02-22 15:44:51,480 INFO Start bot GUI: system=Windows
2026-02-22 15:44:51,487 INFO Bot process started via cmd.exe start with visible window
2026-02-22 16:15:03,606 INFO Start bot GUI: system=Windows
2026-02-22 16:15:03,623 INFO Bot process started via cmd.exe start with visible window
2026-02-22 16:16:19,140 INFO Start bot GUI: system=Windows
2026-02-22 16:16:19,153 INFO Bot process started via cmd.exe start with visible window
2026-02-22 16:29:03,335 INFO Start bot GUI: system=Windows
2026-02-22 16:29:03,351 INFO Bot process started via cmd.exe start with visible window
2026-02-22 16:29:48,377 INFO Start bot GUI: system=Windows
2026-02-22 16:29:48,382 INFO Bot process started via cmd.exe start with visible window
2026-02-22 16:32:26,357 INFO Start bot GUI: system=Windows
2026-02-22 16:32:26,372 INFO Bot process started via cmd.exe start with visible window
2026-02-22 16:37:42,313 INFO Start bot GUI: system=Windows
2026-02-22 16:37:42,338 INFO Bot process started via cmd.exe start with visible window
2026-02-22 16:39:58,195 INFO Start bot GUI: system=Windows
2026-02-22 16:39:58,202 INFO Bot process started via cmd.exe start with visible window
2026-02-22 16:48:44,906 INFO Start bot GUI: system=Windows
2026-02-22 16:48:44,915 INFO Bot process started via cmd.exe start with visible window
2026-02-23 08:59:14,596 INFO Start bot GUI: system=Windows
2026-02-23 08:59:14,795 INFO Bot process started via cmd.exe start with visible window
2026-02-24 03:15:52,907 INFO Start bot GUI: system=Windows
2026-02-24 03:15:52,948 INFO Bot process started via cmd.exe start with visible window
2026-02-24 03:23:53,426 INFO Start bot GUI: system=Windows
2026-02-24 03:23:53,541 INFO Bot process started via cmd.exe start with visible window
2026-02-24 03:24:43,616 INFO Start bot GUI: system=Windows
2026-02-24 03:24:43,623 INFO Bot process started via cmd.exe start with visible window
2026-02-24 03:25:39,556 INFO Start bot GUI: system=Windows
2026-02-24 03:25:39,566 INFO Bot process started via cmd.exe start with visible window
2026-02-24 03:26:40,498 INFO Start bot GUI: system=Windows
2026-02-24 03:26:40,505 INFO Bot process started via cmd.exe start with visible window
2026-02-24 03:27:41,431 INFO Start bot GUI: system=Windows
2026-02-24 03:27:41,438 INFO Bot process started via cmd.exe start with visible window
2026-02-24 03:28:42,373 INFO Start bot GUI: system=Windows
2026-02-24 03:28:42,380 INFO Bot process started via cmd.exe start with visible window
2026-02-24 03:29:43,320 INFO Start bot GUI: system=Windows
2026-02-24 03:29:43,328 INFO Bot process started via cmd.exe start with visible window
2026-02-24 03:30:44,281 INFO Start bot GUI: system=Windows
2026-02-24 03:30:44,290 INFO Bot process started via cmd.exe start with visible window
2026-02-24 03:31:45,228 INFO Start bot GUI: system=Windows
2026-02-24 03:31:45,236 INFO Bot process started via cmd.exe start with visible window
2026-02-24 03:32:46,174 INFO Start bot GUI: system=Windows
2026-02-24 03:32:46,181 INFO Bot process started via cmd.exe start with visible window
2026-02-24 03:33:47,142 INFO Start bot GUI: system=Windows
2026-02-24 03:33:47,149 INFO Bot process started via cmd.exe start with visible window
2026-02-24 03:34:48,117 INFO Start bot GUI: system=Windows
2026-02-24 03:34:48,124 INFO Bot process started via cmd.exe start with visible window
2026-02-24 03:35:49,083 INFO Start bot GUI: system=Windows
2026-02-24 03:35:49,091 INFO Bot process started via cmd.exe start with visible window
2026-02-24 03:36:50,035 INFO Start bot GUI: system=Windows
2026-02-24 03:36:50,051 INFO Bot process started via cmd.exe start with visible window
2026-02-24 03:37:50,946 INFO Start bot GUI: system=Windows
2026-02-24 03:37:50,955 INFO Bot process started via cmd.exe start with visible window
2026-02-24 03:38:51,843 INFO Start bot GUI: system=Windows
2026-02-24 03:38:52,009 INFO Bot process started via cmd.exe start with visible window
2026-02-24 03:39:52,857 INFO Start bot GUI: system=Windows
2026-02-24 03:39:52,865 INFO Bot process started via cmd.exe start with visible window
2026-02-24 03:40:53,762 INFO Start bot GUI: system=Windows
2026-02-24 03:40:53,793 INFO Bot process started via cmd.exe start with visible window
2026-02-24 03:41:54,766 INFO Start bot GUI: system=Windows
2026-02-24 03:41:54,773 INFO Bot process started via cmd.exe start with visible window
2026-02-24 03:42:55,640 INFO Start bot GUI: system=Windows
2026-02-24 03:42:55,648 INFO Bot process started via cmd.exe start with visible window
2026-02-24 03:43:56,538 INFO Start bot GUI: system=Windows
2026-02-24 03:43:56,545 INFO Bot process started via cmd.exe start with visible window
2026-02-24 03:44:57,431 INFO Start bot GUI: system=Windows
2026-02-24 03:44:57,452 INFO Bot process started via cmd.exe start with visible window
2026-02-24 03:45:58,315 INFO Start bot GUI: system=Windows
2026-02-24 03:45:58,321 INFO Bot process started via cmd.exe start with visible window
2026-02-24 03:46:59,151 INFO Start bot GUI: system=Windows
2026-02-24 03:46:59,158 INFO Bot process started via cmd.exe start with visible window
2026-02-24 03:48:00,878 INFO Start bot GUI: system=Windows
2026-02-24 03:48:00,885 INFO Bot process started via cmd.exe start with visible window
2026-02-24 03:49:02,062 INFO Start bot GUI: system=Windows
2026-02-24 03:49:02,155 INFO Bot process started via cmd.exe start with visible window
2026-02-24 03:50:03,080 INFO Start bot GUI: system=Windows
2026-02-24 03:50:03,085 INFO Bot process started via cmd.exe start with visible window
2026-02-24 03:51:03,947 INFO Start bot GUI: system=Windows
2026-02-24 03:51:03,953 INFO Bot process started via cmd.exe start with visible window
2026-02-24 03:52:04,769 INFO Start bot GUI: system=Windows
2026-02-24 03:52:04,777 INFO Bot process started via cmd.exe start with visible window
2026-02-24 03:53:05,624 INFO Start bot GUI: system=Windows
2026-02-24 03:53:05,632 INFO Bot process started via cmd.exe start with visible window
2026-02-24 03:53:55,692 INFO Start bot GUI: system=Windows
2026-02-24 03:53:55,701 INFO Bot process started via cmd.exe start with visible window
2026-02-24 03:54:52,025 INFO Start bot GUI: system=Windows
2026-02-24 03:54:52,032 INFO Bot process started via cmd.exe start with visible window
2026-02-24 03:55:53,399 INFO Start bot GUI: system=Windows
2026-02-24 03:55:53,407 INFO Bot process started via cmd.exe start with visible window
2026-02-24 03:56:55,351 INFO Start bot GUI: system=Windows
2026-02-24 03:56:55,357 INFO Bot process started via cmd.exe start with visible window
2026-02-24 03:57:56,672 INFO Start bot GUI: system=Windows
2026-02-24 03:57:56,679 INFO Bot process started via cmd.exe start with visible window
2026-02-24 03:58:57,939 INFO Start bot GUI: system=Windows
2026-02-24 03:58:57,945 INFO Bot process started via cmd.exe start with visible window
2026-02-24 03:59:59,214 INFO Start bot GUI: system=Windows
2026-02-24 03:59:59,226 INFO Bot process started via cmd.exe start with visible window
2026-02-24 04:01:00,497 INFO Start bot GUI: system=Windows
2026-02-24 04:01:00,504 INFO Bot process started via cmd.exe start with visible window
2026-02-24 04:02:01,788 INFO Start bot GUI: system=Windows
2026-02-24 04:02:01,806 INFO Bot process started via cmd.exe start with visible window
2026-02-24 04:03:03,023 INFO Start bot GUI: system=Windows
2026-02-24 04:03:03,030 INFO Bot process started via cmd.exe start with visible window
2026-02-24 04:04:04,319 INFO Start bot GUI: system=Windows
2026-02-24 04:04:04,325 INFO Bot process started via cmd.exe start with visible window
2026-02-24 04:05:05,605 INFO Start bot GUI: system=Windows
2026-02-24 04:05:05,614 INFO Bot process started via cmd.exe start with visible window
2026-02-24 04:06:06,861 INFO Start bot GUI: system=Windows
2026-02-24 04:06:06,876 INFO Bot process started via cmd.exe start with visible window
2026-02-24 04:07:08,245 INFO Start bot GUI: system=Windows
2026-02-24 04:07:08,257 INFO Bot process started via cmd.exe start with visible window
2026-02-24 04:08:09,547 INFO Start bot GUI: system=Windows
2026-02-24 04:08:09,628 INFO Bot process started via cmd.exe start with visible window
2026-02-24 04:09:10,821 INFO Start bot GUI: system=Windows
2026-02-24 04:09:10,828 INFO Bot process started via cmd.exe start with visible window
2026-02-24 04:10:12,098 INFO Start bot GUI: system=Windows
2026-02-24 04:10:12,119 INFO Bot process started via cmd.exe start with visible window
2026-02-24 04:11:13,382 INFO Start bot GUI: system=Windows
2026-02-24 04:11:13,388 INFO Bot process started via cmd.exe start with visible window
2026-02-24 04:12:14,624 INFO Start bot GUI: system=Windows
2026-02-24 04:12:14,631 INFO Bot process started via cmd.exe start with visible window
2026-02-24 04:13:15,803 INFO Start bot GUI: system=Windows
2026-02-24 04:13:16,121 INFO Bot process started via cmd.exe start with visible window
2026-02-24 04:14:17,352 INFO Start bot GUI: system=Windows
2026-02-24 04:14:17,361 INFO Bot process started via cmd.exe start with visible window
2026-02-24 04:15:18,586 INFO Start bot GUI: system=Windows
2026-02-24 04:15:18,633 INFO Bot process started via cmd.exe start with visible window
2026-02-24 04:16:19,849 INFO Start bot GUI: system=Windows
2026-02-24 04:16:19,855 INFO Bot process started via cmd.exe start with visible window
2026-02-24 04:17:20,995 INFO Start bot GUI: system=Windows
2026-02-24 04:17:21,004 INFO Bot process started via cmd.exe start with visible window
2026-02-24 04:18:24,016 INFO Start bot GUI: system=Windows
2026-02-24 04:18:24,025 INFO Bot process started via cmd.exe start with visible window
2026-02-24 04:19:25,305 INFO Start bot GUI: system=Windows
2026-02-24 04:19:27,702 INFO Bot process started via cmd.exe start with visible window
2026-02-24 04:20:28,904 INFO Start bot GUI: system=Windows
2026-02-24 04:20:28,924 INFO Bot process started via cmd.exe start with visible window
2026-02-24 04:21:30,251 INFO Start bot GUI: system=Windows
2026-02-24 04:21:30,261 INFO Bot process started via cmd.exe start with visible window
2026-02-24 04:22:31,534 INFO Start bot GUI: system=Windows
2026-02-24 04:22:31,593 INFO Bot process started via cmd.exe start with visible window
2026-02-24 04:23:32,857 INFO Start bot GUI: system=Windows
2026-02-24 04:23:32,863 INFO Bot process started via cmd.exe start with visible window
2026-02-24 04:24:33,965 INFO Start bot GUI: system=Windows
2026-02-24 04:24:33,976 INFO Bot process started via cmd.exe start with visible window
2026-02-24 04:25:35,097 INFO Start bot GUI: system=Windows
2026-02-24 04:25:35,105 INFO Bot process started via cmd.exe start with visible window
2026-02-24 04:26:36,156 INFO Start bot GUI: system=Windows
2026-02-24 04:26:36,169 INFO Bot process started via cmd.exe start with visible window
2026-02-24 04:27:37,290 INFO Start bot GUI: system=Windows
2026-02-24 04:27:37,298 INFO Bot process started via cmd.exe start with visible window
2026-02-24 04:28:38,483 INFO Start bot GUI: system=Windows
2026-02-24 04:28:38,497 INFO Bot process started via cmd.exe start with visible window
2026-02-24 04:29:39,613 INFO Start bot GUI: system=Windows
2026-02-24 04:29:39,620 INFO Bot process started via cmd.exe start with visible window
2026-02-24 04:30:40,939 INFO Start bot GUI: system=Windows
2026-02-24 04:30:40,946 INFO Bot process started via cmd.exe start with visible window
2026-02-24 04:31:42,241 INFO Start bot GUI: system=Windows
2026-02-24 04:31:42,249 INFO Bot process started via cmd.exe start with visible window
2026-02-24 04:32:43,540 INFO Start bot GUI: system=Windows
2026-02-24 04:32:43,548 INFO Bot process started via cmd.exe start with visible window
2026-02-24 04:33:44,814 INFO Start bot GUI: system=Windows
2026-02-24 04:33:44,823 INFO Bot process started via cmd.exe start with visible window
2026-02-24 04:34:46,199 INFO Start bot GUI: system=Windows
2026-02-24 04:34:46,212 INFO Bot process started via cmd.exe start with visible window
2026-02-24 04:35:47,478 INFO Start bot GUI: system=Windows
2026-02-24 04:35:47,484 INFO Bot process started via cmd.exe start with visible window
2026-02-24 04:36:48,874 INFO Start bot GUI: system=Windows
2026-02-24 04:36:48,880 INFO Bot process started via cmd.exe start with visible window
2026-02-24 04:37:50,189 INFO Start bot GUI: system=Windows
2026-02-24 04:37:50,197 INFO Bot process started via cmd.exe start with visible window
2026-02-24 04:38:51,477 INFO Start bot GUI: system=Windows
2026-02-24 04:38:51,532 INFO Bot process started via cmd.exe start with visible window
2026-02-24 04:39:52,749 INFO Start bot GUI: system=Windows
2026-02-24 04:39:52,760 INFO Bot process started via cmd.exe start with visible window
2026-02-24 04:40:54,086 INFO Start bot GUI: system=Windows
2026-02-24 04:40:54,103 INFO Bot process started via cmd.exe start with visible window
2026-02-24 04:41:55,418 INFO Start bot GUI: system=Windows
2026-02-24 04:41:55,425 INFO Bot process started via cmd.exe start with visible window
2026-02-24 04:42:56,808 INFO Start bot GUI: system=Windows
2026-02-24 04:42:56,820 INFO Bot process started via cmd.exe start with visible window
2026-02-24 04:43:58,117 INFO Start bot GUI: system=Windows
2026-02-24 04:43:58,125 INFO Bot process started via cmd.exe start with visible window
2026-02-24 04:44:59,417 INFO Start bot GUI: system=Windows
2026-02-24 04:44:59,423 INFO Bot process started via cmd.exe start with visible window
2026-02-24 04:46:00,678 INFO Start bot GUI: system=Windows
2026-02-24 04:46:00,686 INFO Bot process started via cmd.exe start with visible window
2026-02-24 04:47:01,975 INFO Start bot GUI: system=Windows
2026-02-24 04:47:01,984 INFO Bot process started via cmd.exe start with visible window
2026-02-24 04:48:03,320 INFO Start bot GUI: system=Windows
2026-02-24 04:48:03,331 INFO Bot process started via cmd.exe start with visible window
2026-02-24 04:49:04,538 INFO Start bot GUI: system=Windows
2026-02-24 04:49:04,544 INFO Bot process started via cmd.exe start with visible window
2026-02-24 04:50:05,700 INFO Start bot GUI: system=Windows
2026-02-24 04:50:05,954 INFO Bot process started via cmd.exe start with visible window
2026-02-24 04:51:07,214 INFO Start bot GUI: system=Windows
2026-02-24 04:51:07,224 INFO Bot process started via cmd.exe start with visible window
2026-02-24 04:52:08,593 INFO Start bot GUI: system=Windows
2026-02-24 04:52:08,605 INFO Bot process started via cmd.exe start with visible window
2026-02-24 04:53:09,876 INFO Start bot GUI: system=Windows
2026-02-24 04:53:09,884 INFO Bot process started via cmd.exe start with visible window
2026-02-24 04:54:11,193 INFO Start bot GUI: system=Windows
2026-02-24 04:54:11,202 INFO Bot process started via cmd.exe start with visible window
2026-02-24 04:55:12,455 INFO Start bot GUI: system=Windows
2026-02-24 04:55:12,463 INFO Bot process started via cmd.exe start with visible window
2026-02-25 08:34:53,408 INFO Start bot GUI: system=Windows
2026-02-25 08:34:53,437 INFO Bot process started via cmd.exe start with visible window
2026-02-25 08:35:52,776 INFO Start bot GUI: system=Windows
2026-02-25 08:35:52,782 INFO Bot process started via cmd.exe start with visible window
2026-02-25 08:48:10,360 INFO Start bot GUI: system=Windows
2026-02-25 08:48:10,405 INFO Bot process started via cmd.exe start with visible window
2026-02-25 09:10:01,446 INFO Start bot GUI: system=Windows
2026-02-25 09:10:01,550 INFO Bot process started via cmd.exe start with visible window
2026-02-25 09:32:53,724 INFO Start bot GUI: system=Windows
2026-02-25 09:32:53,831 INFO Bot process started via cmd.exe start with visible window
2026-02-25 09:34:40,643 INFO Start bot GUI: system=Windows
2026-02-25 09:34:40,653 INFO Bot process started via cmd.exe start with visible window
2026-02-25 09:37:26,327 INFO Start bot GUI: system=Windows
2026-02-25 09:37:26,347 INFO Bot process started via cmd.exe start with visible window
2026-02-25 09:38:41,847 INFO Start bot GUI: system=Windows
2026-02-25 09:38:41,913 INFO Bot process started via cmd.exe start with visible window
2026-02-25 09:42:58,057 INFO Start bot GUI: system=Windows
2026-02-25 09:42:58,070 INFO Bot process started via cmd.exe start with visible window
2026-02-25 09:45:14,627 INFO Start bot GUI: system=Windows
2026-02-25 09:45:14,647 INFO Bot process started via cmd.exe start with visible window
2026-02-25 09:45:59,703 INFO Start bot GUI: system=Windows
2026-02-25 09:45:59,713 INFO Bot process started via cmd.exe start with visible window
2026-02-25 09:46:45,491 INFO Start bot GUI: system=Windows
2026-02-25 09:46:45,503 INFO Bot process started via cmd.exe start with visible window
