11:01:57 | ❌ [ITSA4] [VolumeFilter] 0.4x < 0.8x
11:02:24 | ❌ [PRIO3] [MTF_Confirmation] H1 EMA 200 desalinhada
11:03:09 | ❌ [RENT3] [MTF_Confirmation] H1 EMA 200 desalinhada
11:03:22 | ❌ [ITSA4] [VolumeFilter] 0.4x < 0.8x
11:03:34 | ❌ [PRIO3] [MTF_Confirmation] H1 EMA 200 desalinhada
11:04:17 | ❌ [RENT3] [MTF_Confirmation] H1 EMA 200 desalinhada
11:04:29 | ❌ [ITSA4] [VolumeFilter] 0.4x < 0.8x
11:04:41 | ❌ [PRIO3] [MTF_Confirmation] H1 EMA 200 desalinhada
11:05:34 | ❌ [ITSA4] [VolumeFilter] 0.4x < 0.8x
11:05:47 | ❌ [PRIO3] [MTF_Confirmation] H1 EMA 200 desalinhada
11:06:30 | ❌ [RENT3] [MTF_Confirmation] H1 EMA 200 desalinhada
11:07:35 | ❌ [RENT3] [MTF_Confirmation] H1 EMA 200 desalinhada
11:07:58 | ❌ [PRIO3] [MTF_Confirmation] H1 EMA 200 desalinhada
11:08:53 | ❌ [ITSA4] [VolumeFilter] 0.4x < 0.8x
11:09:48 | ❌ [LWSA3] [VolumeFilter] 0.6x < 0.8x
11:09:59 | ❌ [ITSA4] [VolumeFilter] 0.4x < 0.8x
11:10:11 | ❌ [PRIO3] [MTF_Confirmation] H1 EMA 200 desalinhada
11:11:05 | ❌ [ITSA4] [VolumeFilter] 0.4x < 0.8x
11:11:17 | ❌ [PRIO3] [MTF_Confirmation] H1 EMA 200 desalinhada
11:12:12 | ❌ [ITSA4] [VolumeFilter] 0.4x < 0.8x
11:13:20 | ❌ [ITSA4] [VolumeFilter] 0.4x < 0.8x
11:14:25 | ❌ [BPAC11] [VolumeFilter] 0.3x < 0.8x
11:14:29 | ❌ [ITSA4] [VolumeFilter] 0.4x < 0.8x
11:15:25 | ❌ [RENT3] [MTF_Confirmation] H1 EMA 200 desalinhada
11:15:36 | ❌ [ITSA4] [VolumeFilter] 0.4x < 0.8x
11:15:49 | ❌ [PRIO3] [MTF_Confirmation] H1 EMA 200 desalinhada
11:16:33 | ❌ [ITSA4] [VolumeFilter] 0.5x < 0.8x
11:16:44 | ❌ [ITUB4] [VolumeFilter] 0.3x < 0.8x
11:16:49 | ❌ [B3SA3] [VolumeFilter] 0.2x < 0.8x
11:16:53 | ❌ [BBAS3] [VolumeFilter] 0.3x < 0.8x
11:17:04 | ❌ [PRIO3] [VolumeFilter] 0.5x < 0.8x
11:17:08 | ❌ [RECV3] [MTF_Confirmation] H1 EMA 200 desalinhada
11:17:53 | ❌ [ITSA4] [VolumeFilter] 0.5x < 0.8x
11:17:57 | ❌ [LWSA3] [VolumeFilter] 0.6x < 0.8x
11:18:05 | ❌ [ITUB4] [VolumeFilter] 0.3x < 0.8x
11:18:09 | ❌ [B3SA3] [VolumeFilter] 0.2x < 0.8x
11:18:13 | ❌ [BBAS3] [VolumeFilter] 0.3x < 0.8x
11:18:18 | ❌ [RENT3] [VolumeFilter] 0.3x < 0.8x
11:18:28 | ❌ [RECV3] [MTF_Confirmation] H1 EMA 200 desalinhada
11:19:12 | ❌ [ITSA4] [VolumeFilter] 0.5x < 0.8x
11:19:16 | ❌ [LWSA3] [VolumeFilter] 0.6x < 0.8x
11:19:24 | ❌ [ITUB4] [VolumeFilter] 0.3x < 0.8x
11:19:27 | ❌ [B3SA3] [VolumeFilter] 0.2x < 0.8x
11:19:31 | ❌ [BBAS3] [VolumeFilter] 0.3x < 0.8x
11:20:29 | ❌ [ITSA4] [VolumeFilter] 0.5x < 0.8x
11:20:42 | ❌ [ITUB4] [VolumeFilter] 0.3x < 0.8x
11:20:50 | ❌ [B3SA3] [VolumeFilter] 0.2x < 0.8x
11:20:54 | ❌ [BBAS3] [VolumeFilter] 0.3x < 0.8x
11:21:08 | ❌ [VIVT3] [VolumeFilter] 0.6x < 0.8x
11:21:52 | ❌ [ITSA4] [VolumeFilter] 0.5x < 0.8x
11:22:01 | ❌ [B3SA3] [VolumeFilter] 0.2x < 0.8x
11:22:05 | ❌ [BBAS3] [VolumeFilter] 0.3x < 0.8x
11:22:17 | ❌ [PRIO3] [VolumeFilter] 0.5x < 0.8x
11:22:21 | ❌ [RECV3] [MTF_Confirmation] H1 EMA 200 desalinhada
11:23:05 | ❌ [ITSA4] [VolumeFilter] 0.5x < 0.8x
11:23:08 | ❌ [LWSA3] [VolumeFilter] 0.6x < 0.8x
11:23:16 | ❌ [ITUB4] [VolumeFilter] 0.3x < 0.8x
11:23:20 | ❌ [BBAS3] [VolumeFilter] 0.3x < 0.8x
11:23:32 | ❌ [PRIO3] [VolumeFilter] 0.5x < 0.8x
11:23:37 | ❌ [RECV3] [MTF_Confirmation] H1 EMA 200 desalinhada
11:24:21 | ❌ [ITSA4] [VolumeFilter] 0.5x < 0.8x
11:24:24 | ❌ [LWSA3] [VolumeFilter] 0.6x < 0.8x
11:24:32 | ❌ [ITUB4] [VolumeFilter] 0.3x < 0.8x
11:24:37 | ❌ [BBAS3] [VolumeFilter] 0.3x < 0.8x
11:24:49 | ❌ [PRIO3] [VolumeFilter] 0.5x < 0.8x
11:24:53 | ❌ [RECV3] [MTF_Confirmation] H1 EMA 200 desalinhada
11:25:37 | ❌ [ITSA4] [VolumeFilter] 0.5x < 0.8x
11:25:41 | ❌ [LWSA3] [VolumeFilter] 0.6x < 0.8x
11:25:49 | ❌ [ITUB4] [VolumeFilter] 0.3x < 0.8x
11:25:53 | ❌ [BBAS3] [VolumeFilter] 0.3x < 0.8x
11:26:05 | ❌ [PRIO3] [VolumeFilter] 0.5x < 0.8x
11:26:09 | ❌ [RECV3] [MTF_Confirmation] H1 EMA 200 desalinhada
11:26:53 | ❌ [ITSA4] [VolumeFilter] 0.5x < 0.8x
11:26:56 | ❌ [LWSA3] [VolumeFilter] 0.6x < 0.8x
11:27:04 | ❌ [ITUB4] [VolumeFilter] 0.3x < 0.8x
11:27:07 | ❌ [B3SA3] [VolumeFilter] 0.2x < 0.8x
11:27:11 | ❌ [BBAS3] [VolumeFilter] 0.3x < 0.8x
11:27:16 | ❌ [RENT3] [VolumeFilter] 0.3x < 0.8x
11:27:25 | ❌ [RECV3] [MTF_Confirmation] H1 EMA 200 desalinhada
11:28:07 | ❌ [ITSA4] [VolumeFilter] 0.5x < 0.8x
11:28:11 | ❌ [LWSA3] [VolumeFilter] 0.6x < 0.8x
11:28:19 | ❌ [ITUB4] [VolumeFilter] 0.3x < 0.8x
11:28:22 | ❌ [BBAS3] [VolumeFilter] 0.3x < 0.8x
11:28:34 | ❌ [PRIO3] [VolumeFilter] 0.5x < 0.8x
11:28:38 | ❌ [RECV3] [MTF_Confirmation] H1 EMA 200 desalinhada
11:29:20 | ❌ [ITSA4] [VolumeFilter] 0.5x < 0.8x
11:29:23 | ❌ [LWSA3] [VolumeFilter] 0.6x < 0.8x
11:29:31 | ❌ [ITUB4] [VolumeFilter] 0.3x < 0.8x
11:29:35 | ❌ [B3SA3] [VolumeFilter] 0.2x < 0.8x
11:29:39 | ❌ [BBAS3] [VolumeFilter] 0.3x < 0.8x
11:29:51 | ❌ [PRIO3] [VolumeFilter] 0.5x < 0.8x
11:30:39 | ❌ [BBAS3] [MTF_Confirmation] H1 EMA 200 desalinhada
11:30:43 | ❌ [LWSA3] [VolumeFilter] 0.6x < 0.8x
11:30:59 | ❌ [ITSA4] [VolumeFilter] 0.3x < 0.8x
11:31:04 | ❌ [VIVT3] [VolumeFilter] 0.5x < 0.8x
11:31:49 | ❌ [BBAS3] [MTF_Confirmation] H1 EMA 200 desalinhada
11:32:08 | ❌ [ITSA4] [VolumeFilter] 0.3x < 0.8x
11:32:11 | ❌ [LWSA3] [VolumeFilter] 0.4x < 0.8x
11:32:17 | ❌ [RECV3] [VolumeFilter] 0.4x < 0.8x
11:33:01 | ❌ [BBAS3] [MTF_Confirmation] H1 EMA 200 desalinhada
11:33:20 | ❌ [ITSA4] [VolumeFilter] 0.3x < 0.8x
11:33:24 | ❌ [LWSA3] [VolumeFilter] 0.4x < 0.8x
11:33:29 | ❌ [RECV3] [VolumeFilter] 0.4x < 0.8x
11:34:13 | ❌ [BBAS3] [MTF_Confirmation] H1 EMA 200 desalinhada
11:34:29 | ❌ [ITUB4] [VolumeFilter] 0.3x < 0.8x
11:34:34 | ❌ [ITSA4] [VolumeFilter] 0.3x < 0.8x
11:34:38 | ❌ [LWSA3] [VolumeFilter] 0.4x < 0.8x
11:34:41 | ❌ [RECV3] [VolumeFilter] 0.4x < 0.8x
11:35:27 | ❌ [BBAS3] [MTF_Confirmation] H1 EMA 200 desalinhada
11:35:45 | ❌ [ITUB4] [VolumeFilter] 0.3x < 0.8x
11:35:49 | ❌ [SBSP3] [VolumeFilter] 0.4x < 0.8x
11:35:53 | ❌ [ITSA4] [VolumeFilter] 0.3x < 0.8x
11:35:56 | ❌ [LWSA3] [VolumeFilter] 0.4x < 0.8x
11:36:00 | ❌ [VIVT3] [VolumeFilter] 0.5x < 0.8x
11:36:45 | ❌ [BBAS3] [MTF_Confirmation] H1 EMA 200 desalinhada
11:37:01 | ❌ [ITUB4] [VolumeFilter] 0.3x < 0.8x
11:37:06 | ❌ [ITSA4] [VolumeFilter] 0.3x < 0.8x
11:37:10 | ❌ [LWSA3] [VolumeFilter] 0.4x < 0.8x
11:37:14 | ❌ [VIVT3] [VolumeFilter] 0.5x < 0.8x
11:37:58 | ❌ [BBAS3] [MTF_Confirmation] H1 EMA 200 desalinhada
11:38:14 | ❌ [ITUB4] [VolumeFilter] 0.3x < 0.8x
11:38:19 | ❌ [ITSA4] [VolumeFilter] 0.3x < 0.8x
11:38:23 | ❌ [LWSA3] [VolumeFilter] 0.4x < 0.8x
11:38:27 | ❌ [RECV3] [VolumeFilter] 0.4x < 0.8x
11:39:21 | ❌ [BBAS3] [MTF_Confirmation] H1 EMA 200 desalinhada
11:39:38 | ❌ [ITUB4] [VolumeFilter] 0.3x < 0.8x
11:39:43 | ❌ [ITSA4] [VolumeFilter] 0.3x < 0.8x
11:39:47 | ❌ [LWSA3] [VolumeFilter] 0.4x < 0.8x
11:39:52 | ❌ [RECV3] [VolumeFilter] 0.4x < 0.8x
11:40:43 | ❌ [BBAS3] [MTF_Confirmation] H1 EMA 200 desalinhada
11:40:47 | ❌ [RENT3] [VolumeFilter] 0.4x < 0.8x
11:45:58 | ❌ [ITUB4] [VolumeFilter] 0.3x < 0.8x
11:46:06 | ❌ [ITSA4] [VolumeFilter] 0.3x < 0.8x
11:46:10 | ❌ [LWSA3] [VolumeFilter] 0.4x < 0.8x
11:46:15 | ❌ [RECV3] [VolumeFilter] 0.4x < 0.8x
11:47:30 | ❌ [BBAS3] [VolumeFilter] 0.7x < 0.8x
11:47:33 | ❌ [SBSP3] [MTF_Confirmation] H1 EMA 200 desalinhada
11:47:39 | ❌ [RENT3] [VolumeFilter] 0.5x < 0.8x
11:47:48 | ❌ [ITSA4] [VolumeFilter] 0.5x < 0.8x
11:48:13 | ❌ [ITUB4] [VolumeFilter] 0.4x < 0.8x
11:48:27 | ❌ [PRIO3] [MTF_Confirmation] H1 EMA 200 desalinhada
11:48:33 | ❌ [VIVT3] [VolumeFilter] 0.7x < 0.8x
11:49:24 | ❌ [BBAS3] [VolumeFilter] 0.7x < 0.8x
11:49:27 | ❌ [SBSP3] [MTF_Confirmation] H1 EMA 200 desalinhada
11:49:33 | ❌ [RENT3] [VolumeFilter] 0.5x < 0.8x
11:49:39 | ❌ [ITSA4] [VolumeFilter] 0.5x < 0.8x
11:49:58 | ❌ [ITUB4] [VolumeFilter] 0.4x < 0.8x
11:50:06 | ❌ [PRIO3] [MTF_Confirmation] H1 EMA 200 desalinhada
11:50:10 | ❌ [VIVT3] [VolumeFilter] 0.7x < 0.8x
11:52:54 | ❌ [BBAS3] [VolumeFilter] 0.7x < 0.8x
11:52:58 | ❌ [SBSP3] [MTF_Confirmation] H1 EMA 200 desalinhada
11:53:01 | ❌ [RENT3] [VolumeFilter] 0.5x < 0.8x
11:53:05 | ❌ [ITSA4] [VolumeFilter] 0.5x < 0.8x
11:53:18 | ❌ [ITUB4] [VolumeFilter] 0.4x < 0.8x
11:53:27 | ❌ [VIVT3] [VolumeFilter] 0.7x < 0.8x
12:04:07 | ❌ [BBAS3] [VolumeFilter] 0.7x < 0.8x
12:04:16 | ❌ [RENT3] [VolumeFilter] 0.5x < 0.8x
12:04:23 | ❌ [ITSA4] [VolumeFilter] 0.5x < 0.8x
12:05:15 | ❌ [VIVT3] [VolumeFilter] 0.7x < 0.8x
12:06:18 | ❌ [BBAS3] [MTF_Confirmation] H1 EMA 200 desalinhada
12:06:25 | ❌ [RENT3] [MTF_Confirmation] H1 EMA 200 desalinhada
12:07:35 | ❌ [BBAS3] [MTF_Confirmation] H1 EMA 200 desalinhada
12:07:46 | ❌ [RENT3] [MTF_Confirmation] H1 EMA 200 desalinhada
12:12:10 | ❌ [BBAS3] [MTF_Confirmation] H1 EMA 200 desalinhada
12:12:15 | ❌ [RENT3] [MTF_Confirmation] H1 EMA 200 desalinhada
12:12:47 | ❌ [PRIO3] [VolumeFilter] 0.5x < 0.8x
12:13:40 | ❌ [BBAS3] [MTF_Confirmation] H1 EMA 200 desalinhada
12:13:45 | ❌ [RENT3] [MTF_Confirmation] H1 EMA 200 desalinhada
12:14:48 | ❌ [VIVT3] [VolumeFilter] 0.7x < 0.8x
14:16:46 | ❌ [ITSA4] [MTF_Confirmation] H1 EMA 200 desalinhada
14:16:52 | ❌ [MGLU3] [MTF_Confirmation] H1 EMA 200 desalinhada
14:18:03 | ❌ [ITSA4] [MTF_Confirmation] H1 EMA 200 desalinhada
14:18:08 | ❌ [MGLU3] [MTF_Confirmation] H1 EMA 200 desalinhada
14:19:17 | ❌ [ITSA4] [MTF_Confirmation] H1 EMA 200 desalinhada
14:19:24 | ❌ [MGLU3] [MTF_Confirmation] H1 EMA 200 desalinhada
14:20:32 | ❌ [ITSA4] [MTF_Confirmation] H1 EMA 200 desalinhada
14:20:37 | ❌ [MGLU3] [MTF_Confirmation] H1 EMA 200 desalinhada
14:21:42 | ❌ [ITSA4] [MTF_Confirmation] H1 EMA 200 desalinhada
14:21:48 | ❌ [MGLU3] [MTF_Confirmation] H1 EMA 200 desalinhada
14:22:54 | ❌ [ITSA4] [MTF_Confirmation] H1 EMA 200 desalinhada
14:24:02 | ❌ [ITSA4] [MTF_Confirmation] H1 EMA 200 desalinhada
14:25:13 | ❌ [ITSA4] [MTF_Confirmation] H1 EMA 200 desalinhada
14:25:18 | ❌ [MGLU3] [MTF_Confirmation] H1 EMA 200 desalinhada
14:26:26 | ❌ [ITSA4] [MTF_Confirmation] H1 EMA 200 desalinhada
14:26:32 | ❌ [MGLU3] [MTF_Confirmation] H1 EMA 200 desalinhada
14:27:41 | ❌ [ITSA4] [MTF_Confirmation] H1 EMA 200 desalinhada
14:28:54 | ❌ [ITSA4] [MTF_Confirmation] H1 EMA 200 desalinhada
14:28:59 | ❌ [MGLU3] [MTF_Confirmation] H1 EMA 200 desalinhada
14:30:06 | ❌ [ITSA4] [MTF_Confirmation] H1 EMA 200 desalinhada
14:30:12 | ❌ [MGLU3] [MTF_Confirmation] H1 EMA 200 desalinhada
14:46:22 | ❌ [MGLU3] [MTF_Confirmation] H1 EMA 200 desalinhada
14:47:47 | ❌ [MGLU3] [MTF_Confirmation] H1 EMA 200 desalinhada
14:49:10 | ❌ [MGLU3] [MTF_Confirmation] H1 EMA 200 desalinhada
14:50:30 | ❌ [MGLU3] [MTF_Confirmation] H1 EMA 200 desalinhada
