2025-12-04 15:08:14,085 | INFO     | Carregando lista completa de candidatos
2025-12-04 15:08:14,086 | INFO     | Lista dinâmica pronta → 70 ativos
2025-12-04 15:08:14,088 | INFO     | [32m[1mTrailing Stop + Diagnóstico iniciado[0m
2025-12-04 15:08:14,088 | INFO     | BOT ELITE 2026 XP EDITION INICIADO
2025-12-04 15:08:18,500 | INFO     | [35m[1mENVIANDO ORDEM → VAMO3 | 3500 ações @ R$4.22000[0m
2025-12-04 15:08:21,972 | INFO     | [32m[1mCOMPRA EXECUTADA → VAMO3 | 3500 ações | Ticket 2289115788[0m
2025-12-04 15:08:22,442 | INFO     | [36m[1mSL/TP aplicados: 4.14 / 4.35[0m
2025-12-04 15:09:24,247 | INFO     | [35m[1mENVIANDO ORDEM → AMER3 | 2100 ações @ R$7.05000[0m
2025-12-04 15:09:24,911 | INFO     | [32m[1mCOMPRA EXECUTADA → AMER3 | 2100 ações | Ticket 2289118196[0m
2025-12-04 15:09:25,399 | INFO     | [36m[1mSL/TP aplicados: 6.91 / 7.26[0m
2025-12-04 15:10:10,869 | WARNING  | [35m[1mSAÍDA → VAMO3 | ++0.00% | TP BATIDO[0m
2025-12-04 15:11:35,048 | WARNING  | [35m[1mSAÍDA → AMER3 | +-0.14% | TP BATIDO[0m
2025-12-04 15:12:27,526 | INFO     | [35m[1mENVIANDO ORDEM → AMER3 | 2100 ações @ R$7.05000[0m
2025-12-04 15:12:28,317 | INFO     | [32m[1mCOMPRA EXECUTADA → AMER3 | 2100 ações | Ticket 2289127418[0m
2025-12-04 15:12:28,798 | INFO     | [36m[1mSL/TP aplicados: 6.91 / 7.26[0m
2025-12-04 15:13:29,567 | INFO     | [35m[1mENVIANDO ORDEM → MGLU3 | 1200 ações @ R$11.93000[0m
2025-12-04 15:13:30,237 | INFO     | [32m[1mCOMPRA EXECUTADA → MGLU3 | 1200 ações | Ticket 2289128961[0m
2025-12-04 15:13:30,704 | INFO     | [36m[1mSL/TP aplicados: 11.69 / 12.29[0m
2025-12-04 15:14:31,256 | INFO     | [35m[1mENVIANDO ORDEM → MGLU3 | 1200 ações @ R$11.90000[0m
2025-12-04 15:14:31,927 | INFO     | [32m[1mCOMPRA EXECUTADA → MGLU3 | 1200 ações | Ticket 2289130757[0m
2025-12-04 15:14:32,395 | INFO     | [36m[1mSL/TP aplicados: 11.66 / 12.26[0m
2025-12-04 15:14:35,658 | WARNING  | [35m[1mSAÍDA → MGLU3 | +-0.13% | TP BATIDO[0m
2025-12-04 15:35:33,416 | INFO     | Carregando lista completa de candidatos
2025-12-04 15:35:33,417 | INFO     | Lista dinâmica pronta → 70 ativos
2025-12-04 15:35:33,419 | INFO     | [32m[1mTrailing Stop + Diagnóstico iniciado[0m
2025-12-04 15:35:33,420 | INFO     | BOT ELITE 2026 XP EDITION INICIADO
2025-12-04 15:35:34,948 | INFO     | [35m[1mENVIANDO ORDEM → ENGI4 | 1600 ações @ R$9.24000[0m
2025-12-04 15:35:35,648 | INFO     | [32m[1mCOMPRA EXECUTADA → ENGI4 | 1600 ações | Ticket 2289155519[0m
2025-12-04 15:35:36,114 | INFO     | [36m[1mSL/TP aplicados: 9.06 / 9.52[0m
2025-12-04 15:36:37,104 | INFO     | [35m[1mENVIANDO ORDEM → ENGI4 | 1600 ações @ R$9.24000[0m
2025-12-04 15:36:37,780 | INFO     | [32m[1mCOMPRA EXECUTADA → ENGI4 | 1600 ações | Ticket 2289157305[0m
2025-12-04 15:36:38,435 | INFO     | [36m[1mSL/TP aplicados: 9.06 / 9.52[0m
2025-12-04 15:37:38,924 | INFO     | [35m[1mENVIANDO ORDEM → ENGI4 | 1600 ações @ R$9.24000[0m
2025-12-04 15:37:39,590 | INFO     | [32m[1mCOMPRA EXECUTADA → ENGI4 | 1600 ações | Ticket 2289158500[0m
2025-12-04 15:37:40,057 | INFO     | [36m[1mSL/TP aplicados: 9.06 / 9.52[0m
2025-12-04 15:38:40,622 | INFO     | [35m[1mENVIANDO ORDEM → ENGI4 | 1600 ações @ R$9.24000[0m
2025-12-04 15:38:41,294 | INFO     | [32m[1mCOMPRA EXECUTADA → ENGI4 | 1600 ações | Ticket 2289159769[0m
2025-12-04 15:38:41,756 | INFO     | [36m[1mSL/TP aplicados: 9.06 / 9.52[0m
2025-12-04 15:39:42,286 | INFO     | [35m[1mENVIANDO ORDEM → ENGI4 | 1600 ações @ R$9.27000[0m
2025-12-04 15:39:42,966 | INFO     | [32m[1mCOMPRA EXECUTADA → ENGI4 | 1600 ações | Ticket 2289161460[0m
2025-12-04 15:39:43,434 | INFO     | [36m[1mSL/TP aplicados: 9.08 / 9.55[0m
2025-12-04 15:40:43,945 | INFO     | [35m[1mENVIANDO ORDEM → ENGI4 | 1600 ações @ R$9.27000[0m
2025-12-04 15:40:44,635 | INFO     | [32m[1mCOMPRA EXECUTADA → ENGI4 | 1600 ações | Ticket 2289163280[0m
2025-12-04 15:40:45,100 | INFO     | [36m[1mSL/TP aplicados: 9.08 / 9.55[0m
2025-12-04 15:41:45,877 | INFO     | [35m[1mENVIANDO ORDEM → ENGI4 | 1600 ações @ R$9.27000[0m
2025-12-04 15:41:46,541 | INFO     | [32m[1mCOMPRA EXECUTADA → ENGI4 | 1600 ações | Ticket 2289164117[0m
2025-12-04 15:41:47,009 | INFO     | [36m[1mSL/TP aplicados: 9.08 / 9.55[0m
2025-12-04 15:42:47,611 | INFO     | [35m[1mENVIANDO ORDEM → ENGI4 | 1600 ações @ R$9.27000[0m
2025-12-04 15:42:48,361 | INFO     | [32m[1mCOMPRA EXECUTADA → ENGI4 | 1600 ações | Ticket 2289165858[0m
2025-12-04 15:42:48,829 | INFO     | [36m[1mSL/TP aplicados: 9.08 / 9.55[0m
2025-12-04 15:43:49,325 | INFO     | [35m[1mENVIANDO ORDEM → ENGI4 | 1600 ações @ R$9.27000[0m
2025-12-04 15:43:50,000 | INFO     | [32m[1mCOMPRA EXECUTADA → ENGI4 | 1600 ações | Ticket 2289167065[0m
2025-12-04 15:43:50,493 | INFO     | [36m[1mSL/TP aplicados: 9.08 / 9.55[0m
2025-12-04 15:44:51,033 | INFO     | [35m[1mENVIANDO ORDEM → ENGI4 | 1600 ações @ R$9.27000[0m
2025-12-04 15:44:51,705 | INFO     | [32m[1mCOMPRA EXECUTADA → ENGI4 | 1600 ações | Ticket 2289168204[0m
2025-12-04 15:44:52,175 | INFO     | [36m[1mSL/TP aplicados: 9.08 / 9.55[0m
2025-12-04 15:45:52,701 | INFO     | [35m[1mENVIANDO ORDEM → ENGI4 | 1600 ações @ R$9.27000[0m
2025-12-04 15:45:53,430 | INFO     | [32m[1mCOMPRA EXECUTADA → ENGI4 | 1600 ações | Ticket 2289169291[0m
2025-12-04 15:45:53,899 | INFO     | [36m[1mSL/TP aplicados: 9.08 / 9.55[0m
2025-12-04 15:46:54,745 | INFO     | [35m[1mENVIANDO ORDEM → ENGI4 | 1600 ações @ R$9.27000[0m
2025-12-04 15:46:55,417 | INFO     | [32m[1mCOMPRA EXECUTADA → ENGI4 | 1600 ações | Ticket 2289170235[0m
2025-12-04 15:46:55,890 | INFO     | [36m[1mSL/TP aplicados: 9.08 / 9.55[0m
2025-12-04 15:47:57,460 | INFO     | [35m[1mENVIANDO ORDEM → ENGI4 | 1600 ações @ R$9.27000[0m
2025-12-04 15:47:58,155 | INFO     | [32m[1mCOMPRA EXECUTADA → ENGI4 | 1600 ações | Ticket 2289171143[0m
2025-12-04 15:47:58,679 | INFO     | [36m[1mSL/TP aplicados: 9.08 / 9.55[0m
2025-12-04 15:48:59,359 | INFO     | [35m[1mENVIANDO ORDEM → MGLU3 | 1200 ações @ R$11.88000[0m
2025-12-04 15:49:00,088 | INFO     | [32m[1mCOMPRA EXECUTADA → MGLU3 | 1200 ações | Ticket 2289171832[0m
2025-12-04 15:49:00,593 | INFO     | [36m[1mSL/TP aplicados: 11.64 / 12.24[0m
2025-12-04 15:50:01,149 | INFO     | [35m[1mENVIANDO ORDEM → ENGI4 | 1600 ações @ R$9.27000[0m
2025-12-04 15:50:01,817 | INFO     | [32m[1mCOMPRA EXECUTADA → ENGI4 | 1600 ações | Ticket 2289172908[0m
2025-12-04 15:50:02,279 | INFO     | [36m[1mSL/TP aplicados: 9.08 / 9.55[0m
2025-12-04 15:51:02,979 | INFO     | [35m[1mENVIANDO ORDEM → ENGI4 | 1600 ações @ R$9.27000[0m
2025-12-04 15:51:03,644 | INFO     | [32m[1mCOMPRA EXECUTADA → ENGI4 | 1600 ações | Ticket 2289173600[0m
2025-12-04 15:51:04,109 | INFO     | [36m[1mSL/TP aplicados: 9.08 / 9.55[0m
2025-12-04 15:51:53,762 | WARNING  | [35m[1mSAÍDA → MGLU3 | ++0.17% | TP BATIDO[0m
2025-12-04 15:52:04,649 | INFO     | [35m[1mENVIANDO ORDEM → ENGI4 | 1600 ações @ R$9.27000[0m
2025-12-04 15:52:05,322 | INFO     | [32m[1mCOMPRA EXECUTADA → ENGI4 | 1600 ações | Ticket 2289174343[0m
2025-12-04 15:52:05,789 | INFO     | [36m[1mSL/TP aplicados: 9.08 / 9.55[0m
2025-12-04 15:52:15,459 | WARNING  | [35m[1mSAÍDA → AMER3 | ++0.00% | TP BATIDO[0m
2025-12-04 15:53:06,469 | INFO     | [35m[1mENVIANDO ORDEM → ENGI4 | 1600 ações @ R$9.27000[0m
2025-12-04 15:53:07,142 | INFO     | [32m[1mCOMPRA EXECUTADA → ENGI4 | 1600 ações | Ticket 2289175455[0m
2025-12-04 15:53:07,638 | INFO     | [36m[1mSL/TP aplicados: 9.08 / 9.55[0m
2025-12-04 15:56:08,317 | INFO     | Carregando lista completa de candidatos
2025-12-04 15:56:08,319 | INFO     | Lista dinâmica pronta → 70 ativos
2025-12-04 15:56:08,322 | INFO     | [32m[1mTrailing Stop + Saída Rápida iniciado[0m
2025-12-04 15:56:08,323 | INFO     | BOT ELITE 2026 XP EDITION INICIADO
2025-12-04 15:56:08,957 | INFO     | [35m[1mENVIANDO ORDEM → ENGI4 | 1600 ações @ R$9.27000[0m
2025-12-04 15:56:09,633 | INFO     | [32m[1mCOMPRA EXECUTADA → ENGI4 | 1600 ações | Ticket 2289179220[0m
2025-12-04 15:56:10,106 | INFO     | [36m[1mSL/TP aplicados: 9.08 / 9.55[0m
2025-12-04 15:57:10,566 | INFO     | [35m[1mENVIANDO ORDEM → ENGI4 | 1600 ações @ R$9.27000[0m
2025-12-04 15:57:11,233 | INFO     | [32m[1mCOMPRA EXECUTADA → ENGI4 | 1600 ações | Ticket 2289180193[0m
2025-12-04 15:57:11,696 | INFO     | [36m[1mSL/TP aplicados: 9.08 / 9.55[0m
2025-12-04 15:58:12,206 | INFO     | [35m[1mENVIANDO ORDEM → RENT3 | 300 ações @ R$49.61000[0m
2025-12-04 15:58:12,938 | INFO     | [32m[1mCOMPRA EXECUTADA → RENT3 | 300 ações | Ticket 2289181269[0m
2025-12-04 15:58:13,402 | INFO     | [36m[1mSL/TP aplicados: 48.62 / 51.1[0m
2025-12-04 15:59:13,961 | INFO     | [35m[1mENVIANDO ORDEM → RENT3 | 300 ações @ R$49.66000[0m
2025-12-04 15:59:14,637 | INFO     | [32m[1mCOMPRA EXECUTADA → RENT3 | 300 ações | Ticket 2289182317[0m
2025-12-04 15:59:15,141 | INFO     | [36m[1mSL/TP aplicados: 48.67 / 51.15[0m
2025-12-04 16:00:15,722 | INFO     | [35m[1mENVIANDO ORDEM → ENGI4 | 1600 ações @ R$9.27000[0m
2025-12-04 16:00:16,399 | INFO     | [32m[1mCOMPRA EXECUTADA → ENGI4 | 1600 ações | Ticket 2289183795[0m
2025-12-04 16:00:16,887 | INFO     | [36m[1mSL/TP aplicados: 9.08 / 9.55[0m
2025-12-04 16:01:17,420 | INFO     | [35m[1mENVIANDO ORDEM → ENGI4 | 1600 ações @ R$9.27000[0m
2025-12-04 16:01:18,131 | INFO     | [32m[1mCOMPRA EXECUTADA → ENGI4 | 1600 ações | Ticket 2289184742[0m
2025-12-04 16:01:18,600 | INFO     | [36m[1mSL/TP aplicados: 9.08 / 9.55[0m
2025-12-04 16:02:19,157 | INFO     | [35m[1mENVIANDO ORDEM → ENGI4 | 1600 ações @ R$9.27000[0m
2025-12-04 16:02:19,835 | INFO     | [32m[1mCOMPRA EXECUTADA → ENGI4 | 1600 ações | Ticket 2289185910[0m
2025-12-04 16:02:20,305 | INFO     | [36m[1mSL/TP aplicados: 9.08 / 9.55[0m
2025-12-04 16:03:20,862 | INFO     | [35m[1mENVIANDO ORDEM → ENGI4 | 1600 ações @ R$9.27000[0m
2025-12-04 16:03:21,538 | INFO     | [32m[1mCOMPRA EXECUTADA → ENGI4 | 1600 ações | Ticket 2289186754[0m
2025-12-04 16:03:22,006 | INFO     | [36m[1mSL/TP aplicados: 9.08 / 9.55[0m
2025-12-04 16:04:22,666 | INFO     | [35m[1mENVIANDO ORDEM → MGLU3 | 1200 ações @ R$11.94000[0m
2025-12-04 16:04:23,343 | INFO     | [32m[1mCOMPRA EXECUTADA → MGLU3 | 1200 ações | Ticket 2289187433[0m
2025-12-04 16:04:23,811 | INFO     | [36m[1mSL/TP aplicados: 11.7 / 12.3[0m
2025-12-04 16:05:24,378 | INFO     | [35m[1mENVIANDO ORDEM → ENGI4 | 1600 ações @ R$9.26000[0m
2025-12-04 16:05:25,053 | INFO     | [32m[1mCOMPRA EXECUTADA → ENGI4 | 1600 ações | Ticket 2289189071[0m
2025-12-04 16:05:25,523 | INFO     | [36m[1mSL/TP aplicados: 9.07 / 9.54[0m
2025-12-04 16:06:26,101 | INFO     | [35m[1mENVIANDO ORDEM → ENGI4 | 1600 ações @ R$9.26000[0m
2025-12-04 16:06:26,770 | INFO     | [32m[1mCOMPRA EXECUTADA → ENGI4 | 1600 ações | Ticket 2289189901[0m
2025-12-04 16:06:27,233 | INFO     | [36m[1mSL/TP aplicados: 9.07 / 9.54[0m
2025-12-04 16:07:27,810 | INFO     | [35m[1mENVIANDO ORDEM → ENGI4 | 1600 ações @ R$9.26000[0m
2025-12-04 16:07:28,487 | INFO     | [32m[1mCOMPRA EXECUTADA → ENGI4 | 1600 ações | Ticket 2289192849[0m
2025-12-04 16:07:28,951 | INFO     | [36m[1mSL/TP aplicados: 9.07 / 9.54[0m
2025-12-04 16:08:29,500 | INFO     | [35m[1mENVIANDO ORDEM → ENGI4 | 1600 ações @ R$9.26000[0m
2025-12-04 16:08:30,171 | INFO     | [32m[1mCOMPRA EXECUTADA → ENGI4 | 1600 ações | Ticket 2289193948[0m
2025-12-04 16:08:30,636 | INFO     | [36m[1mSL/TP aplicados: 9.07 / 9.54[0m
2025-12-04 16:09:31,237 | INFO     | [35m[1mENVIANDO ORDEM → RENT3 | 300 ações @ R$49.69000[0m
2025-12-04 16:09:31,966 | INFO     | [32m[1mCOMPRA EXECUTADA → RENT3 | 300 ações | Ticket 2289194989[0m
2025-12-04 16:09:32,434 | INFO     | [36m[1mSL/TP aplicados: 48.7 / 51.18[0m
2025-12-04 16:10:33,025 | INFO     | [35m[1mENVIANDO ORDEM → ENGI4 | 1600 ações @ R$9.26000[0m
2025-12-04 16:10:33,703 | INFO     | [32m[1mCOMPRA EXECUTADA → ENGI4 | 1600 ações | Ticket 2289196039[0m
2025-12-04 16:10:34,165 | INFO     | [36m[1mSL/TP aplicados: 9.07 / 9.54[0m
2025-12-04 16:11:34,754 | INFO     | [35m[1mENVIANDO ORDEM → ENGI4 | 1600 ações @ R$9.26000[0m
2025-12-04 16:11:35,429 | INFO     | [32m[1mCOMPRA EXECUTADA → ENGI4 | 1600 ações | Ticket 2289196739[0m
2025-12-04 16:11:35,893 | INFO     | [36m[1mSL/TP aplicados: 9.07 / 9.54[0m
2025-12-04 16:12:36,436 | INFO     | [35m[1mENVIANDO ORDEM → ENGI4 | 1600 ações @ R$9.26000[0m
2025-12-04 16:12:37,098 | INFO     | [32m[1mCOMPRA EXECUTADA → ENGI4 | 1600 ações | Ticket 2289197473[0m
2025-12-04 16:12:37,569 | INFO     | [36m[1mSL/TP aplicados: 9.07 / 9.54[0m
2025-12-04 16:13:38,117 | INFO     | [35m[1mENVIANDO ORDEM → ENGI4 | 1600 ações @ R$9.26000[0m
2025-12-04 16:13:38,786 | INFO     | [32m[1mCOMPRA EXECUTADA → ENGI4 | 1600 ações | Ticket 2289198594[0m
2025-12-04 16:13:39,308 | INFO     | [36m[1mSL/TP aplicados: 9.07 / 9.54[0m
2025-12-04 16:14:39,915 | INFO     | [35m[1mENVIANDO ORDEM → ENGI4 | 1600 ações @ R$9.26000[0m
2025-12-04 16:14:40,591 | INFO     | [32m[1mCOMPRA EXECUTADA → ENGI4 | 1600 ações | Ticket 2289199533[0m
2025-12-04 16:14:41,059 | INFO     | [36m[1mSL/TP aplicados: 9.07 / 9.54[0m
2025-12-04 16:15:41,663 | INFO     | [35m[1mENVIANDO ORDEM → ENGI4 | 1600 ações @ R$9.26000[0m
2025-12-04 16:15:42,338 | INFO     | [32m[1mCOMPRA EXECUTADA → ENGI4 | 1600 ações | Ticket 2289201689[0m
2025-12-04 16:15:42,880 | INFO     | [36m[1mSL/TP aplicados: 9.07 / 9.54[0m
2025-12-04 16:16:43,456 | INFO     | [35m[1mENVIANDO ORDEM → ENGI4 | 1600 ações @ R$9.26000[0m
2025-12-04 16:16:44,127 | INFO     | [32m[1mCOMPRA EXECUTADA → ENGI4 | 1600 ações | Ticket 2289202582[0m
2025-12-04 16:16:44,810 | INFO     | [36m[1mSL/TP aplicados: 9.07 / 9.54[0m
2025-12-04 16:17:45,438 | INFO     | [35m[1mENVIANDO ORDEM → ENGI4 | 1600 ações @ R$9.26000[0m
2025-12-04 16:17:46,148 | INFO     | [32m[1mCOMPRA EXECUTADA → ENGI4 | 1600 ações | Ticket 2289203876[0m
2025-12-04 16:17:46,639 | INFO     | [36m[1mSL/TP aplicados: 9.07 / 9.54[0m
2025-12-04 16:18:47,238 | INFO     | [35m[1mENVIANDO ORDEM → ENGI4 | 1600 ações @ R$9.26000[0m
2025-12-04 16:18:47,946 | INFO     | [32m[1mCOMPRA EXECUTADA → ENGI4 | 1600 ações | Ticket 2289205158[0m
2025-12-04 16:18:48,448 | INFO     | [36m[1mSL/TP aplicados: 9.07 / 9.54[0m
2025-12-04 16:19:49,052 | INFO     | [35m[1mENVIANDO ORDEM → ENGI4 | 1600 ações @ R$9.26000[0m
2025-12-04 16:19:49,729 | INFO     | [32m[1mCOMPRA EXECUTADA → ENGI4 | 1600 ações | Ticket 2289207307[0m
2025-12-04 16:19:50,193 | INFO     | [36m[1mSL/TP aplicados: 9.07 / 9.54[0m
2025-12-04 16:20:50,773 | INFO     | [35m[1mENVIANDO ORDEM → ENGI4 | 1600 ações @ R$9.26000[0m
2025-12-04 16:20:51,566 | INFO     | [32m[1mCOMPRA EXECUTADA → ENGI4 | 1600 ações | Ticket 2289210092[0m
2025-12-04 16:20:52,043 | INFO     | [36m[1mSL/TP aplicados: 9.07 / 9.54[0m
2025-12-04 16:21:52,695 | INFO     | [35m[1mENVIANDO ORDEM → ENGI4 | 1600 ações @ R$9.26000[0m
2025-12-04 16:21:53,366 | INFO     | [32m[1mCOMPRA EXECUTADA → ENGI4 | 1600 ações | Ticket 2289211354[0m
2025-12-04 16:21:53,831 | INFO     | [36m[1mSL/TP aplicados: 9.07 / 9.54[0m
2025-12-04 16:22:54,405 | INFO     | [35m[1mENVIANDO ORDEM → ENGI4 | 1600 ações @ R$9.26000[0m
2025-12-04 16:22:55,091 | INFO     | [32m[1mCOMPRA EXECUTADA → ENGI4 | 1600 ações | Ticket 2289212703[0m
2025-12-04 16:22:55,559 | INFO     | [36m[1mSL/TP aplicados: 9.07 / 9.54[0m
2025-12-04 16:23:56,160 | INFO     | [35m[1mENVIANDO ORDEM → ENGI4 | 1600 ações @ R$9.26000[0m
2025-12-04 16:23:56,833 | INFO     | [32m[1mCOMPRA EXECUTADA → ENGI4 | 1600 ações | Ticket 2289214786[0m
2025-12-04 16:23:57,329 | INFO     | [36m[1mSL/TP aplicados: 9.07 / 9.54[0m
2025-12-04 16:24:57,896 | INFO     | [35m[1mENVIANDO ORDEM → RENT3 | 300 ações @ R$49.64000[0m
2025-12-04 16:24:58,563 | INFO     | [32m[1mCOMPRA EXECUTADA → RENT3 | 300 ações | Ticket 2289216074[0m
2025-12-04 16:24:59,037 | INFO     | [36m[1mSL/TP aplicados: 48.65 / 51.13[0m
2025-12-04 16:25:59,590 | INFO     | [35m[1mENVIANDO ORDEM → ENGI4 | 1600 ações @ R$9.26000[0m
2025-12-04 16:26:00,270 | INFO     | [32m[1mCOMPRA EXECUTADA → ENGI4 | 1600 ações | Ticket 2289218015[0m
2025-12-04 16:26:00,735 | INFO     | [36m[1mSL/TP aplicados: 9.07 / 9.54[0m
2025-12-04 16:26:08,652 | INFO     | 
[33m[1m*** RELATÓRIO SUMÁRIO (Últimos 30m - 16:26:08) ***[0m
2025-12-04 16:26:08,652 | INFO     | [36m[1mAções Compradas:[0m 42400 ações
2025-12-04 16:26:08,653 | INFO     | [36m[1mAções Vendidas:[0m 0 ações
2025-12-04 16:26:08,653 | INFO     | [36m[1mCapital Gasto (Est.):[0m R$444,404.00
2025-12-04 16:26:08,654 | INFO     | [36m[1mCapital Ganho (Est.):[0m R$0.00
2025-12-04 16:26:08,655 | INFO     | [32m[1mAções abertas:[0m 4
2025-12-04 16:26:08,655 | INFO     | **************************************************
2025-12-04 16:27:01,445 | INFO     | [35m[1mENVIANDO ORDEM → ENGI4 | 1600 ações @ R$9.26000[0m
2025-12-04 16:27:02,113 | INFO     | [32m[1mCOMPRA EXECUTADA → ENGI4 | 1600 ações | Ticket 2289219545[0m
2025-12-04 16:27:02,583 | INFO     | [36m[1mSL/TP aplicados: 9.07 / 9.54[0m
2025-12-04 16:28:03,320 | INFO     | [35m[1mENVIANDO ORDEM → ENGI4 | 1600 ações @ R$9.26000[0m
2025-12-04 16:28:04,025 | INFO     | [32m[1mCOMPRA EXECUTADA → ENGI4 | 1600 ações | Ticket 2289220868[0m
2025-12-04 16:28:04,488 | INFO     | [36m[1mSL/TP aplicados: 9.07 / 9.54[0m
2025-12-04 16:30:05,603 | INFO     | [35m[1mENVIANDO ORDEM → AMER3 | 2100 ações @ R$7.07000[0m
2025-12-04 16:30:06,273 | INFO     | [32m[1mCOMPRA EXECUTADA → AMER3 | 2100 ações | Ticket 2289223930[0m
2025-12-04 16:30:06,737 | INFO     | [36m[1mSL/TP aplicados: 6.93 / 7.28[0m
2025-12-04 16:34:09,006 | INFO     | [35m[1mENVIANDO ORDEM → VALE3 | 200 ações @ R$72.18000[0m
2025-12-04 16:34:09,693 | INFO     | [32m[1mCOMPRA EXECUTADA → VALE3 | 200 ações | Ticket 2289229891[0m
2025-12-04 16:34:10,160 | INFO     | [36m[1mSL/TP aplicados: 70.74 / 74.35[0m
2025-12-04 16:37:11,870 | INFO     | [35m[1mENVIANDO ORDEM → VALE3 | 200 ações @ R$72.17000[0m
2025-12-04 16:37:12,545 | INFO     | [32m[1mCOMPRA EXECUTADA → VALE3 | 200 ações | Ticket 2289232999[0m
2025-12-04 16:37:13,012 | INFO     | [36m[1mSL/TP aplicados: 70.73 / 74.34[0m
2025-12-04 16:38:13,629 | INFO     | [35m[1mENVIANDO ORDEM → VALE3 | 200 ações @ R$72.19000[0m
2025-12-04 16:38:14,299 | INFO     | [32m[1mCOMPRA EXECUTADA → VALE3 | 200 ações | Ticket 2289234757[0m
2025-12-04 16:38:14,765 | INFO     | [36m[1mSL/TP aplicados: 70.75 / 74.36[0m
2025-12-04 16:39:15,297 | INFO     | [35m[1mENVIANDO ORDEM → VALE3 | 200 ações @ R$72.20000[0m
2025-12-04 16:39:15,969 | INFO     | [32m[1mCOMPRA EXECUTADA → VALE3 | 200 ações | Ticket 2289236232[0m
2025-12-04 16:39:16,436 | INFO     | [36m[1mSL/TP aplicados: 70.76 / 74.37[0m
2025-12-04 16:40:17,103 | INFO     | [35m[1mENVIANDO ORDEM → ITUB3 | 300 ações @ R$39.56000[0m
2025-12-04 16:40:17,780 | INFO     | [32m[1mCOMPRA EXECUTADA → ITUB3 | 300 ações | Ticket 2289239044[0m
2025-12-04 16:40:18,253 | INFO     | [36m[1mSL/TP aplicados: 38.77 / 40.75[0m
2025-12-04 16:49:22,827 | INFO     | [35m[1mENVIANDO ORDEM → TEND3 | 500 ações @ R$27.20000[0m
2025-12-04 16:49:23,513 | INFO     | [32m[1mCOMPRA EXECUTADA → TEND3 | 500 ações | Ticket 2289257345[0m
2025-12-04 16:49:23,981 | INFO     | [36m[1mSL/TP aplicados: 26.66 / 28.02[0m
2025-12-04 16:56:08,690 | INFO     | 
[33m[1m*** RELATÓRIO SUMÁRIO (Últimos 30m - 16:56:08) ***[0m
2025-12-04 16:56:08,690 | INFO     | [36m[1mAções Compradas:[0m 6900 ações
2025-12-04 16:56:08,691 | INFO     | [36m[1mAções Vendidas:[0m 0 ações
2025-12-04 16:56:08,693 | INFO     | [36m[1mCapital Gasto (Est.):[0m R$127,695.00
2025-12-04 16:56:08,693 | INFO     | [36m[1mCapital Ganho (Est.):[0m R$0.00
2025-12-04 16:56:08,694 | INFO     | [32m[1mAções abertas:[0m 6
2025-12-04 16:56:08,694 | INFO     | **************************************************
